<?xml version="1.0" encoding="UTF-8"?>
<testsuite xmlns:xsi="http://www.w3.org/2001/XMLSchema-instance" xsi:noNamespaceSchemaLocation="https://maven.apache.org/surefire/maven-surefire-plugin/xsd/surefire-test-report-3.0.xsd" version="3.0" name="com.revature.caseclothes.daounittests.ProductDaoTest" time="7.325" tests="11" errors="0" skipped="0" failures="0">
  <properties>
[...]
</properties>
  <testcase name="getAllProductsByName_positive" classname="com.revature.caseclothes.daounittests.ProductDaoTest" time="1.009">
    <system-out><![CDATA[2021-12-23 21:35:33.516  INFO 19668 --- [           main] .b.t.c.SpringBootTestContextBootstrapper : Neither @ContextConfiguration nor @ContextHierarchy found for test class [com.revature.caseclothes.daounittests.ProductDaoTest], using SpringBootContextLoader
2021-12-23 21:35:33.517  INFO 19668 --- [           main] o.s.t.c.support.AbstractContextLoader    : Could not detect default resource locations for test class [com.revature.caseclothes.daounittests.ProductDaoTest]: no resource found for suffixes {-context.xml, Context.groovy}.
2021-12-23 21:35:33.518  INFO 19668 --- [           main] t.c.s.AnnotationConfigContextLoaderUtils : Could not detect default configuration classes for test class [com.revature.caseclothes.daounittests.ProductDaoTest]: ProductDaoTest does not declare any static, non-private, non-final, nested classes annotated with @Configuration.
2021-12-23 21:35:33.526  INFO 19668 --- [           main] .b.t.c.SpringBootTestContextBootstrapper : Found @SpringBootConfiguration com.revature.caseclothes.CaseClothesApplication for test class com.revature.caseclothes.daounittests.ProductDaoTest
2021-12-23 21:35:33.530  INFO 19668 --- [           main] .b.t.c.SpringBootTestContextBootstrapper : Loaded default TestExecutionListener class names from location [META-INF/spring.factories]: [org.springframework.boot.test.mock.mockito.MockitoTestExecutionListener, org.springframework.boot.test.mock.mockito.ResetMocksTestExecutionListener, org.springframework.boot.test.autoconfigure.restdocs.RestDocsTestExecutionListener, org.springframework.boot.test.autoconfigure.web.client.MockRestServiceServerResetTestExecutionListener, org.springframework.boot.test.autoconfigure.web.servlet.MockMvcPrintOnlyOnFailureTestExecutionListener, org.springframework.boot.test.autoconfigure.web.servlet.WebDriverTestExecutionListener, org.springframework.boot.test.autoconfigure.webservices.client.MockWebServiceServerTestExecutionListener, org.springframework.test.context.web.ServletTestExecutionListener, org.springframework.test.context.support.DirtiesContextBeforeModesTestExecutionListener, org.springframework.test.context.event.ApplicationEventsTestExecutionListener, org.springframework.test.context.support.DependencyInjectionTestExecutionListener, org.springframework.test.context.support.DirtiesContextTestExecutionListener, org.springframework.test.context.transaction.TransactionalTestExecutionListener, org.springframework.test.context.jdbc.SqlScriptsTestExecutionListener, org.springframework.test.context.event.EventPublishingTestExecutionListener]
2021-12-23 21:35:33.530  INFO 19668 --- [           main] .b.t.c.SpringBootTestContextBootstrapper : Using TestExecutionListeners: [org.springframework.test.context.web.ServletTestExecutionListener@3b54924, org.springframework.test.context.support.DirtiesContextBeforeModesTestExecutionListener@51bc52ca, org.springframework.test.context.event.ApplicationEventsTestExecutionListener@4e21d3c, org.springframework.boot.test.mock.mockito.MockitoTestExecutionListener@58f76371, org.springframework.boot.test.autoconfigure.SpringBootDependencyInjectionTestExecutionListener@71a2ed22, org.springframework.test.context.support.DirtiesContextTestExecutionListener@42bbcbde, org.springframework.test.context.transaction.TransactionalTestExecutionListener@56a43548, org.springframework.test.context.jdbc.SqlScriptsTestExecutionListener@352b3806, org.springframework.test.context.event.EventPublishingTestExecutionListener@5386087c, org.springframework.boot.test.mock.mockito.ResetMocksTestExecutionListener@4fffdce9, org.springframework.boot.test.autoconfigure.restdocs.RestDocsTestExecutionListener@3886be2b, org.springframework.boot.test.autoconfigure.web.client.MockRestServiceServerResetTestExecutionListener@54014a35, org.springframework.boot.test.autoconfigure.web.servlet.MockMvcPrintOnlyOnFailureTestExecutionListener@37a77d21, org.springframework.boot.test.autoconfigure.web.servlet.WebDriverTestExecutionListener@68ee7a8, org.springframework.boot.test.autoconfigure.webservices.client.MockWebServiceServerTestExecutionListener@b7466b4]
2021-12-23 21:35:33.537  INFO 19668 --- [           main] j.LocalContainerEntityManagerFactoryBean : Closing JPA EntityManagerFactory for persistence unit 'default'
2021-12-23 21:35:33.537  INFO 19668 --- [           main] .SchemaDropperImpl$DelayedDropActionImpl : HHH000477: Starting delayed evictData of schema as part of SessionFactory shut-down'
2021-12-23 21:35:33.544  INFO 19668 --- [           main] com.zaxxer.hikari.HikariDataSource       : HikariPool-2 - Shutdown initiated...
2021-12-23 21:35:33.546  INFO 19668 --- [           main] com.zaxxer.hikari.HikariDataSource       : HikariPool-2 - Shutdown completed.

  .   ____          _            __ _ _
 /\\ / ___'_ __ _ _(_)_ __  __ _ \ \ \ \
( ( )\___ | '_ | '_| | '_ \/ _` | \ \ \ \
 \\/  ___)| |_)| | | | | || (_| |  ) ) ) )
  '  |____| .__|_| |_|_| |_\__, | / / / /
 =========|_|==============|___/=/_/_/_/
 :: Spring Boot ::                (v2.6.1)

2021-12-23 21:35:33.566  INFO 19668 --- [           main] c.r.c.daounittests.ProductDaoTest        : Starting ProductDaoTest using Java 1.8.0_301 on MSI-Jymm with PID 19668 (started by jymmm in D:\Curriculum-211018-Jymm\project-2-Team-Not-Found\case-clothes)
2021-12-23 21:35:33.567  INFO 19668 --- [           main] c.r.c.daounittests.ProductDaoTest        : No active profile set, falling back to default profiles: default
2021-12-23 21:35:33.704  INFO 19668 --- [           main] .s.d.r.c.RepositoryConfigurationDelegate : Bootstrapping Spring Data JPA repositories in DEFAULT mode.
2021-12-23 21:35:33.708  INFO 19668 --- [           main] .s.d.r.c.RepositoryConfigurationDelegate : Finished Spring Data repository scanning in 2 ms. Found 0 JPA repository interfaces.
2021-12-23 21:35:33.808  INFO 19668 --- [           main] com.zaxxer.hikari.HikariDataSource       : HikariPool-3 - Starting...
2021-12-23 21:35:33.809  INFO 19668 --- [           main] com.zaxxer.hikari.HikariDataSource       : HikariPool-3 - Start completed.
2021-12-23 21:35:33.819  INFO 19668 --- [           main] o.hibernate.jpa.internal.util.LogHelper  : HHH000204: Processing PersistenceUnitInfo [name: default]
2021-12-23 21:35:33.823  INFO 19668 --- [           main] org.hibernate.dialect.Dialect            : HHH000400: Using dialect: org.hibernate.dialect.H2Dialect
2021-12-23 21:35:33.913  INFO 19668 --- [           main] o.h.e.t.j.p.i.JtaPlatformInitiator       : HHH000490: Using JtaPlatform implementation: [org.hibernate.engine.transaction.jta.platform.internal.NoJtaPlatform]
2021-12-23 21:35:33.913  INFO 19668 --- [           main] j.LocalContainerEntityManagerFactoryBean : Initialized JPA EntityManagerFactory for persistence unit 'default'
2021-12-23 21:35:34.005  WARN 19668 --- [           main] JpaBaseConfiguration$JpaWebConfiguration : spring.jpa.open-in-view is enabled by default. Therefore, database queries may be performed during view rendering. Explicitly configure spring.jpa.open-in-view to disable this warning
2021-12-23 21:35:34.273  INFO 19668 --- [           main] c.r.c.daounittests.ProductDaoTest        : Started ProductDaoTest in 0.725 seconds (JVM running for 8.017)
2021-12-23 21:35:34.285  INFO 19668 --- [           main] o.s.t.c.transaction.TransactionContext   : Began transaction (1) for test context [DefaultTestContext@305894b5 testClass = ProductDaoTest, testInstance = com.revature.caseclothes.daounittests.ProductDaoTest@64136a29, testMethod = getAllProductsByName_positive@ProductDaoTest, testException = [null], mergedContextConfiguration = [WebMergedContextConfiguration@234b23d6 testClass = ProductDaoTest, locations = '{}', classes = '{class com.revature.caseclothes.CaseClothesApplication}', contextInitializerClasses = '[]', activeProfiles = '{}', propertySourceLocations = '{}', propertySourceProperties = '{org.springframework.boot.test.context.SpringBootTestContextBootstrapper=true}', contextCustomizers = set[org.springframework.boot.test.context.filter.ExcludeFilterContextCustomizer@5b000fe6, org.springframework.boot.test.json.DuplicateJsonObjectContextCustomizerFactory$DuplicateJsonObjectContextCustomizer@5a1f778, org.springframework.boot.test.mock.mockito.MockitoContextCustomizer@0, org.springframework.boot.test.web.client.TestRestTemplateContextCustomizer@61bb1e4d, org.springframework.boot.test.autoconfigure.actuate.metrics.MetricsExportContextCustomizerFactory$DisableMetricExportContextCustomizer@6f347d7, org.springframework.boot.test.autoconfigure.properties.PropertyMappingContextCustomizer@0, org.springframework.boot.test.autoconfigure.web.servlet.WebDriverContextCustomizerFactory$Customizer@64bebd55, org.springframework.boot.test.context.SpringBootTestArgs@1, org.springframework.boot.test.context.SpringBootTestWebEnvironment@ed3068a], resourceBasePath = 'src/main/webapp', contextLoader = 'org.springframework.boot.test.context.SpringBootContextLoader', parent = [null]], attributes = map['org.springframework.test.context.web.ServletTestExecutionListener.activateListener' -> true, 'org.springframework.test.context.web.ServletTestExecutionListener.populatedRequestContextHolder' -> true, 'org.springframework.test.context.web.ServletTestExecutionListener.resetRequestContextHolder' -> true, 'org.springframework.test.context.event.ApplicationEventsTestExecutionListener.recordApplicationEvents' -> false]]; transaction manager [org.springframework.orm.jpa.JpaTransactionManager@49108f48]; rollback [true]
2021-12-23 21:35:34.543  INFO 19668 --- [           main] o.s.t.c.transaction.TransactionContext   : Rolled back transaction for test: [DefaultTestContext@305894b5 testClass = ProductDaoTest, testInstance = com.revature.caseclothes.daounittests.ProductDaoTest@64136a29, testMethod = getAllProductsByName_positive@ProductDaoTest, testException = [null], mergedContextConfiguration = [WebMergedContextConfiguration@234b23d6 testClass = ProductDaoTest, locations = '{}', classes = '{class com.revature.caseclothes.CaseClothesApplication}', contextInitializerClasses = '[]', activeProfiles = '{}', propertySourceLocations = '{}', propertySourceProperties = '{org.springframework.boot.test.context.SpringBootTestContextBootstrapper=true}', contextCustomizers = set[org.springframework.boot.test.context.filter.ExcludeFilterContextCustomizer@5b000fe6, org.springframework.boot.test.json.DuplicateJsonObjectContextCustomizerFactory$DuplicateJsonObjectContextCustomizer@5a1f778, org.springframework.boot.test.mock.mockito.MockitoContextCustomizer@0, org.springframework.boot.test.web.client.TestRestTemplateContextCustomizer@61bb1e4d, org.springframework.boot.test.autoconfigure.actuate.metrics.MetricsExportContextCustomizerFactory$DisableMetricExportContextCustomizer@6f347d7, org.springframework.boot.test.autoconfigure.properties.PropertyMappingContextCustomizer@0, org.springframework.boot.test.autoconfigure.web.servlet.WebDriverContextCustomizerFactory$Customizer@64bebd55, org.springframework.boot.test.context.SpringBootTestArgs@1, org.springframework.boot.test.context.SpringBootTestWebEnvironment@ed3068a], resourceBasePath = 'src/main/webapp', contextLoader = 'org.springframework.boot.test.context.SpringBootContextLoader', parent = [null]], attributes = map['org.springframework.test.context.web.ServletTestExecutionListener.activateListener' -> true, 'org.springframework.test.context.web.ServletTestExecutionListener.populatedRequestContextHolder' -> true, 'org.springframework.test.context.web.ServletTestExecutionListener.resetRequestContextHolder' -> true, 'org.springframework.test.context.event.ApplicationEventsTestExecutionListener.recordApplicationEvents' -> false]]
]]></system-out>
  </testcase>
  <testcase name="getProductById_positive" classname="com.revature.caseclothes.daounittests.ProductDaoTest" time="0.647">
    <system-out><![CDATA[2021-12-23 21:35:34.546  INFO 19668 --- [           main] j.LocalContainerEntityManagerFactoryBean : Closing JPA EntityManagerFactory for persistence unit 'default'
2021-12-23 21:35:34.547  INFO 19668 --- [           main] .SchemaDropperImpl$DelayedDropActionImpl : HHH000477: Starting delayed evictData of schema as part of SessionFactory shut-down'
2021-12-23 21:35:34.553  INFO 19668 --- [           main] com.zaxxer.hikari.HikariDataSource       : HikariPool-3 - Shutdown initiated...
2021-12-23 21:35:34.557  INFO 19668 --- [           main] com.zaxxer.hikari.HikariDataSource       : HikariPool-3 - Shutdown completed.

  .   ____          _            __ _ _
 /\\ / ___'_ __ _ _(_)_ __  __ _ \ \ \ \
( ( )\___ | '_ | '_| | '_ \/ _` | \ \ \ \
 \\/  ___)| |_)| | | | | || (_| |  ) ) ) )
  '  |____| .__|_| |_|_| |_\__, | / / / /
 =========|_|==============|___/=/_/_/_/
 :: Spring Boot ::                (v2.6.1)

2021-12-23 21:35:34.577  INFO 19668 --- [           main] c.r.c.daounittests.ProductDaoTest        : Starting ProductDaoTest using Java 1.8.0_301 on MSI-Jymm with PID 19668 (started by jymmm in D:\Curriculum-211018-Jymm\project-2-Team-Not-Found\case-clothes)
2021-12-23 21:35:34.578  INFO 19668 --- [           main] c.r.c.daounittests.ProductDaoTest        : No active profile set, falling back to default profiles: default
2021-12-23 21:35:34.701  INFO 19668 --- [           main] .s.d.r.c.RepositoryConfigurationDelegate : Bootstrapping Spring Data JPA repositories in DEFAULT mode.
2021-12-23 21:35:34.704  INFO 19668 --- [           main] .s.d.r.c.RepositoryConfigurationDelegate : Finished Spring Data repository scanning in 2 ms. Found 0 JPA repository interfaces.
2021-12-23 21:35:34.792  INFO 19668 --- [           main] com.zaxxer.hikari.HikariDataSource       : HikariPool-4 - Starting...
2021-12-23 21:35:34.792  INFO 19668 --- [           main] com.zaxxer.hikari.HikariDataSource       : HikariPool-4 - Start completed.
2021-12-23 21:35:34.801  INFO 19668 --- [           main] o.hibernate.jpa.internal.util.LogHelper  : HHH000204: Processing PersistenceUnitInfo [name: default]
2021-12-23 21:35:34.804  INFO 19668 --- [           main] org.hibernate.dialect.Dialect            : HHH000400: Using dialect: org.hibernate.dialect.H2Dialect
2021-12-23 21:35:34.883  INFO 19668 --- [           main] o.h.e.t.j.p.i.JtaPlatformInitiator       : HHH000490: Using JtaPlatform implementation: [org.hibernate.engine.transaction.jta.platform.internal.NoJtaPlatform]
2021-12-23 21:35:34.883  INFO 19668 --- [           main] j.LocalContainerEntityManagerFactoryBean : Initialized JPA EntityManagerFactory for persistence unit 'default'
2021-12-23 21:35:34.964  WARN 19668 --- [           main] JpaBaseConfiguration$JpaWebConfiguration : spring.jpa.open-in-view is enabled by default. Therefore, database queries may be performed during view rendering. Explicitly configure spring.jpa.open-in-view to disable this warning
2021-12-23 21:35:35.170  INFO 19668 --- [           main] c.r.c.daounittests.ProductDaoTest        : Started ProductDaoTest in 0.612 seconds (JVM running for 8.914)
2021-12-23 21:35:35.180  INFO 19668 --- [           main] o.s.t.c.transaction.TransactionContext   : Began transaction (1) for test context [DefaultTestContext@305894b5 testClass = ProductDaoTest, testInstance = com.revature.caseclothes.daounittests.ProductDaoTest@5643a1c6, testMethod = getProductById_positive@ProductDaoTest, testException = [null], mergedContextConfiguration = [WebMergedContextConfiguration@234b23d6 testClass = ProductDaoTest, locations = '{}', classes = '{class com.revature.caseclothes.CaseClothesApplication}', contextInitializerClasses = '[]', activeProfiles = '{}', propertySourceLocations = '{}', propertySourceProperties = '{org.springframework.boot.test.context.SpringBootTestContextBootstrapper=true}', contextCustomizers = set[org.springframework.boot.test.context.filter.ExcludeFilterContextCustomizer@5b000fe6, org.springframework.boot.test.json.DuplicateJsonObjectContextCustomizerFactory$DuplicateJsonObjectContextCustomizer@5a1f778, org.springframework.boot.test.mock.mockito.MockitoContextCustomizer@0, org.springframework.boot.test.web.client.TestRestTemplateContextCustomizer@61bb1e4d, org.springframework.boot.test.autoconfigure.actuate.metrics.MetricsExportContextCustomizerFactory$DisableMetricExportContextCustomizer@6f347d7, org.springframework.boot.test.autoconfigure.properties.PropertyMappingContextCustomizer@0, org.springframework.boot.test.autoconfigure.web.servlet.WebDriverContextCustomizerFactory$Customizer@64bebd55, org.springframework.boot.test.context.SpringBootTestArgs@1, org.springframework.boot.test.context.SpringBootTestWebEnvironment@ed3068a], resourceBasePath = 'src/main/webapp', contextLoader = 'org.springframework.boot.test.context.SpringBootContextLoader', parent = [null]], attributes = map['org.springframework.test.context.web.ServletTestExecutionListener.activateListener' -> true, 'org.springframework.test.context.web.ServletTestExecutionListener.populatedRequestContextHolder' -> true, 'org.springframework.test.context.web.ServletTestExecutionListener.resetRequestContextHolder' -> true, 'org.springframework.test.context.event.ApplicationEventsTestExecutionListener.recordApplicationEvents' -> false]]; transaction manager [org.springframework.orm.jpa.JpaTransactionManager@3e34c94a]; rollback [true]
2021-12-23 21:35:35.192  INFO 19668 --- [           main] o.s.t.c.transaction.TransactionContext   : Rolled back transaction for test: [DefaultTestContext@305894b5 testClass = ProductDaoTest, testInstance = com.revature.caseclothes.daounittests.ProductDaoTest@5643a1c6, testMethod = getProductById_positive@ProductDaoTest, testException = [null], mergedContextConfiguration = [WebMergedContextConfiguration@234b23d6 testClass = ProductDaoTest, locations = '{}', classes = '{class com.revature.caseclothes.CaseClothesApplication}', contextInitializerClasses = '[]', activeProfiles = '{}', propertySourceLocations = '{}', propertySourceProperties = '{org.springframework.boot.test.context.SpringBootTestContextBootstrapper=true}', contextCustomizers = set[org.springframework.boot.test.context.filter.ExcludeFilterContextCustomizer@5b000fe6, org.springframework.boot.test.json.DuplicateJsonObjectContextCustomizerFactory$DuplicateJsonObjectContextCustomizer@5a1f778, org.springframework.boot.test.mock.mockito.MockitoContextCustomizer@0, org.springframework.boot.test.web.client.TestRestTemplateContextCustomizer@61bb1e4d, org.springframework.boot.test.autoconfigure.actuate.metrics.MetricsExportContextCustomizerFactory$DisableMetricExportContextCustomizer@6f347d7, org.springframework.boot.test.autoconfigure.properties.PropertyMappingContextCustomizer@0, org.springframework.boot.test.autoconfigure.web.servlet.WebDriverContextCustomizerFactory$Customizer@64bebd55, org.springframework.boot.test.context.SpringBootTestArgs@1, org.springframework.boot.test.context.SpringBootTestWebEnvironment@ed3068a], resourceBasePath = 'src/main/webapp', contextLoader = 'org.springframework.boot.test.context.SpringBootContextLoader', parent = [null]], attributes = map['org.springframework.test.context.web.ServletTestExecutionListener.activateListener' -> true, 'org.springframework.test.context.web.ServletTestExecutionListener.populatedRequestContextHolder' -> true, 'org.springframework.test.context.web.ServletTestExecutionListener.resetRequestContextHolder' -> true, 'org.springframework.test.context.event.ApplicationEventsTestExecutionListener.recordApplicationEvents' -> false]]
]]></system-out>
  </testcase>
  <testcase name="updateProduct_positive" classname="com.revature.caseclothes.daounittests.ProductDaoTest" time="0.693">
    <system-out><![CDATA[2021-12-23 21:35:35.194  INFO 19668 --- [           main] j.LocalContainerEntityManagerFactoryBean : Closing JPA EntityManagerFactory for persistence unit 'default'
2021-12-23 21:35:35.195  INFO 19668 --- [           main] .SchemaDropperImpl$DelayedDropActionImpl : HHH000477: Starting delayed evictData of schema as part of SessionFactory shut-down'
2021-12-23 21:35:35.201  INFO 19668 --- [           main] com.zaxxer.hikari.HikariDataSource       : HikariPool-4 - Shutdown initiated...
2021-12-23 21:35:35.204  INFO 19668 --- [           main] com.zaxxer.hikari.HikariDataSource       : HikariPool-4 - Shutdown completed.

  .   ____          _            __ _ _
 /\\ / ___'_ __ _ _(_)_ __  __ _ \ \ \ \
( ( )\___ | '_ | '_| | '_ \/ _` | \ \ \ \
 \\/  ___)| |_)| | | | | || (_| |  ) ) ) )
  '  |____| .__|_| |_|_| |_\__, | / / / /
 =========|_|==============|___/=/_/_/_/
 :: Spring Boot ::                (v2.6.1)

2021-12-23 21:35:35.223  INFO 19668 --- [           main] c.r.c.daounittests.ProductDaoTest        : Starting ProductDaoTest using Java 1.8.0_301 on MSI-Jymm with PID 19668 (started by jymmm in D:\Curriculum-211018-Jymm\project-2-Team-Not-Found\case-clothes)
2021-12-23 21:35:35.224  INFO 19668 --- [           main] c.r.c.daounittests.ProductDaoTest        : No active profile set, falling back to default profiles: default
2021-12-23 21:35:35.335  INFO 19668 --- [           main] .s.d.r.c.RepositoryConfigurationDelegate : Bootstrapping Spring Data JPA repositories in DEFAULT mode.
2021-12-23 21:35:35.339  INFO 19668 --- [           main] .s.d.r.c.RepositoryConfigurationDelegate : Finished Spring Data repository scanning in 3 ms. Found 0 JPA repository interfaces.
2021-12-23 21:35:35.422  INFO 19668 --- [           main] com.zaxxer.hikari.HikariDataSource       : HikariPool-5 - Starting...
2021-12-23 21:35:35.423  INFO 19668 --- [           main] com.zaxxer.hikari.HikariDataSource       : HikariPool-5 - Start completed.
2021-12-23 21:35:35.432  INFO 19668 --- [           main] o.hibernate.jpa.internal.util.LogHelper  : HHH000204: Processing PersistenceUnitInfo [name: default]
2021-12-23 21:35:35.435  INFO 19668 --- [           main] org.hibernate.dialect.Dialect            : HHH000400: Using dialect: org.hibernate.dialect.H2Dialect
2021-12-23 21:35:35.513  INFO 19668 --- [           main] o.h.e.t.j.p.i.JtaPlatformInitiator       : HHH000490: Using JtaPlatform implementation: [org.hibernate.engine.transaction.jta.platform.internal.NoJtaPlatform]
2021-12-23 21:35:35.514  INFO 19668 --- [           main] j.LocalContainerEntityManagerFactoryBean : Initialized JPA EntityManagerFactory for persistence unit 'default'
2021-12-23 21:35:35.634  WARN 19668 --- [           main] JpaBaseConfiguration$JpaWebConfiguration : spring.jpa.open-in-view is enabled by default. Therefore, database queries may be performed during view rendering. Explicitly configure spring.jpa.open-in-view to disable this warning
2021-12-23 21:35:35.863  INFO 19668 --- [           main] c.r.c.daounittests.ProductDaoTest        : Started ProductDaoTest in 0.658 seconds (JVM running for 9.607)
2021-12-23 21:35:35.873  INFO 19668 --- [           main] o.s.t.c.transaction.TransactionContext   : Began transaction (1) for test context [DefaultTestContext@305894b5 testClass = ProductDaoTest, testInstance = com.revature.caseclothes.daounittests.ProductDaoTest@722afeef, testMethod = updateProduct_positive@ProductDaoTest, testException = [null], mergedContextConfiguration = [WebMergedContextConfiguration@234b23d6 testClass = ProductDaoTest, locations = '{}', classes = '{class com.revature.caseclothes.CaseClothesApplication}', contextInitializerClasses = '[]', activeProfiles = '{}', propertySourceLocations = '{}', propertySourceProperties = '{org.springframework.boot.test.context.SpringBootTestContextBootstrapper=true}', contextCustomizers = set[org.springframework.boot.test.context.filter.ExcludeFilterContextCustomizer@5b000fe6, org.springframework.boot.test.json.DuplicateJsonObjectContextCustomizerFactory$DuplicateJsonObjectContextCustomizer@5a1f778, org.springframework.boot.test.mock.mockito.MockitoContextCustomizer@0, org.springframework.boot.test.web.client.TestRestTemplateContextCustomizer@61bb1e4d, org.springframework.boot.test.autoconfigure.actuate.metrics.MetricsExportContextCustomizerFactory$DisableMetricExportContextCustomizer@6f347d7, org.springframework.boot.test.autoconfigure.properties.PropertyMappingContextCustomizer@0, org.springframework.boot.test.autoconfigure.web.servlet.WebDriverContextCustomizerFactory$Customizer@64bebd55, org.springframework.boot.test.context.SpringBootTestArgs@1, org.springframework.boot.test.context.SpringBootTestWebEnvironment@ed3068a], resourceBasePath = 'src/main/webapp', contextLoader = 'org.springframework.boot.test.context.SpringBootContextLoader', parent = [null]], attributes = map['org.springframework.test.context.web.ServletTestExecutionListener.activateListener' -> true, 'org.springframework.test.context.web.ServletTestExecutionListener.populatedRequestContextHolder' -> true, 'org.springframework.test.context.web.ServletTestExecutionListener.resetRequestContextHolder' -> true, 'org.springframework.test.context.event.ApplicationEventsTestExecutionListener.recordApplicationEvents' -> false]]; transaction manager [org.springframework.orm.jpa.JpaTransactionManager@3e57232e]; rollback [true]
2021-12-23 21:35:35.886  INFO 19668 --- [           main] o.s.t.c.transaction.TransactionContext   : Rolled back transaction for test: [DefaultTestContext@305894b5 testClass = ProductDaoTest, testInstance = com.revature.caseclothes.daounittests.ProductDaoTest@722afeef, testMethod = updateProduct_positive@ProductDaoTest, testException = [null], mergedContextConfiguration = [WebMergedContextConfiguration@234b23d6 testClass = ProductDaoTest, locations = '{}', classes = '{class com.revature.caseclothes.CaseClothesApplication}', contextInitializerClasses = '[]', activeProfiles = '{}', propertySourceLocations = '{}', propertySourceProperties = '{org.springframework.boot.test.context.SpringBootTestContextBootstrapper=true}', contextCustomizers = set[org.springframework.boot.test.context.filter.ExcludeFilterContextCustomizer@5b000fe6, org.springframework.boot.test.json.DuplicateJsonObjectContextCustomizerFactory$DuplicateJsonObjectContextCustomizer@5a1f778, org.springframework.boot.test.mock.mockito.MockitoContextCustomizer@0, org.springframework.boot.test.web.client.TestRestTemplateContextCustomizer@61bb1e4d, org.springframework.boot.test.autoconfigure.actuate.metrics.MetricsExportContextCustomizerFactory$DisableMetricExportContextCustomizer@6f347d7, org.springframework.boot.test.autoconfigure.properties.PropertyMappingContextCustomizer@0, org.springframework.boot.test.autoconfigure.web.servlet.WebDriverContextCustomizerFactory$Customizer@64bebd55, org.springframework.boot.test.context.SpringBootTestArgs@1, org.springframework.boot.test.context.SpringBootTestWebEnvironment@ed3068a], resourceBasePath = 'src/main/webapp', contextLoader = 'org.springframework.boot.test.context.SpringBootContextLoader', parent = [null]], attributes = map['org.springframework.test.context.web.ServletTestExecutionListener.activateListener' -> true, 'org.springframework.test.context.web.ServletTestExecutionListener.populatedRequestContextHolder' -> true, 'org.springframework.test.context.web.ServletTestExecutionListener.resetRequestContextHolder' -> true, 'org.springframework.test.context.event.ApplicationEventsTestExecutionListener.recordApplicationEvents' -> false]]
]]></system-out>
  </testcase>
  <testcase name="testSelectCartById" classname="com.revature.caseclothes.daounittests.ProductDaoTest" time="0.673">
    <system-out><![CDATA[2021-12-23 21:35:35.888  INFO 19668 --- [           main] j.LocalContainerEntityManagerFactoryBean : Closing JPA EntityManagerFactory for persistence unit 'default'
2021-12-23 21:35:35.889  INFO 19668 --- [           main] .SchemaDropperImpl$DelayedDropActionImpl : HHH000477: Starting delayed evictData of schema as part of SessionFactory shut-down'
2021-12-23 21:35:35.893  INFO 19668 --- [           main] com.zaxxer.hikari.HikariDataSource       : HikariPool-5 - Shutdown initiated...
2021-12-23 21:35:35.897  INFO 19668 --- [           main] com.zaxxer.hikari.HikariDataSource       : HikariPool-5 - Shutdown completed.

  .   ____          _            __ _ _
 /\\ / ___'_ __ _ _(_)_ __  __ _ \ \ \ \
( ( )\___ | '_ | '_| | '_ \/ _` | \ \ \ \
 \\/  ___)| |_)| | | | | || (_| |  ) ) ) )
  '  |____| .__|_| |_|_| |_\__, | / / / /
 =========|_|==============|___/=/_/_/_/
 :: Spring Boot ::                (v2.6.1)

2021-12-23 21:35:35.916  INFO 19668 --- [           main] c.r.c.daounittests.ProductDaoTest        : Starting ProductDaoTest using Java 1.8.0_301 on MSI-Jymm with PID 19668 (started by jymmm in D:\Curriculum-211018-Jymm\project-2-Team-Not-Found\case-clothes)
2021-12-23 21:35:35.916  INFO 19668 --- [           main] c.r.c.daounittests.ProductDaoTest        : No active profile set, falling back to default profiles: default
2021-12-23 21:35:36.035  INFO 19668 --- [           main] .s.d.r.c.RepositoryConfigurationDelegate : Bootstrapping Spring Data JPA repositories in DEFAULT mode.
2021-12-23 21:35:36.038  INFO 19668 --- [           main] .s.d.r.c.RepositoryConfigurationDelegate : Finished Spring Data repository scanning in 2 ms. Found 0 JPA repository interfaces.
2021-12-23 21:35:36.120  INFO 19668 --- [           main] com.zaxxer.hikari.HikariDataSource       : HikariPool-6 - Starting...
2021-12-23 21:35:36.121  INFO 19668 --- [           main] com.zaxxer.hikari.HikariDataSource       : HikariPool-6 - Start completed.
2021-12-23 21:35:36.130  INFO 19668 --- [           main] o.hibernate.jpa.internal.util.LogHelper  : HHH000204: Processing PersistenceUnitInfo [name: default]
2021-12-23 21:35:36.134  INFO 19668 --- [           main] org.hibernate.dialect.Dialect            : HHH000400: Using dialect: org.hibernate.dialect.H2Dialect
2021-12-23 21:35:36.205  INFO 19668 --- [           main] o.h.e.t.j.p.i.JtaPlatformInitiator       : HHH000490: Using JtaPlatform implementation: [org.hibernate.engine.transaction.jta.platform.internal.NoJtaPlatform]
2021-12-23 21:35:36.206  INFO 19668 --- [           main] j.LocalContainerEntityManagerFactoryBean : Initialized JPA EntityManagerFactory for persistence unit 'default'
2021-12-23 21:35:36.298  WARN 19668 --- [           main] JpaBaseConfiguration$JpaWebConfiguration : spring.jpa.open-in-view is enabled by default. Therefore, database queries may be performed during view rendering. Explicitly configure spring.jpa.open-in-view to disable this warning
2021-12-23 21:35:36.523  INFO 19668 --- [           main] c.r.c.daounittests.ProductDaoTest        : Started ProductDaoTest in 0.624 seconds (JVM running for 10.267)
2021-12-23 21:35:36.532  INFO 19668 --- [           main] o.s.t.c.transaction.TransactionContext   : Began transaction (1) for test context [DefaultTestContext@305894b5 testClass = ProductDaoTest, testInstance = com.revature.caseclothes.daounittests.ProductDaoTest@431ac75e, testMethod = testSelectCartById@ProductDaoTest, testException = [null], mergedContextConfiguration = [WebMergedContextConfiguration@234b23d6 testClass = ProductDaoTest, locations = '{}', classes = '{class com.revature.caseclothes.CaseClothesApplication}', contextInitializerClasses = '[]', activeProfiles = '{}', propertySourceLocations = '{}', propertySourceProperties = '{org.springframework.boot.test.context.SpringBootTestContextBootstrapper=true}', contextCustomizers = set[org.springframework.boot.test.context.filter.ExcludeFilterContextCustomizer@5b000fe6, org.springframework.boot.test.json.DuplicateJsonObjectContextCustomizerFactory$DuplicateJsonObjectContextCustomizer@5a1f778, org.springframework.boot.test.mock.mockito.MockitoContextCustomizer@0, org.springframework.boot.test.web.client.TestRestTemplateContextCustomizer@61bb1e4d, org.springframework.boot.test.autoconfigure.actuate.metrics.MetricsExportContextCustomizerFactory$DisableMetricExportContextCustomizer@6f347d7, org.springframework.boot.test.autoconfigure.properties.PropertyMappingContextCustomizer@0, org.springframework.boot.test.autoconfigure.web.servlet.WebDriverContextCustomizerFactory$Customizer@64bebd55, org.springframework.boot.test.context.SpringBootTestArgs@1, org.springframework.boot.test.context.SpringBootTestWebEnvironment@ed3068a], resourceBasePath = 'src/main/webapp', contextLoader = 'org.springframework.boot.test.context.SpringBootContextLoader', parent = [null]], attributes = map['org.springframework.test.context.web.ServletTestExecutionListener.activateListener' -> true, 'org.springframework.test.context.web.ServletTestExecutionListener.populatedRequestContextHolder' -> true, 'org.springframework.test.context.web.ServletTestExecutionListener.resetRequestContextHolder' -> true, 'org.springframework.test.context.event.ApplicationEventsTestExecutionListener.recordApplicationEvents' -> false]]; transaction manager [org.springframework.orm.jpa.JpaTransactionManager@54b340]; rollback [true]
2021-12-23 21:35:36.559  INFO 19668 --- [           main] o.s.t.c.transaction.TransactionContext   : Rolled back transaction for test: [DefaultTestContext@305894b5 testClass = ProductDaoTest, testInstance = com.revature.caseclothes.daounittests.ProductDaoTest@431ac75e, testMethod = testSelectCartById@ProductDaoTest, testException = [null], mergedContextConfiguration = [WebMergedContextConfiguration@234b23d6 testClass = ProductDaoTest, locations = '{}', classes = '{class com.revature.caseclothes.CaseClothesApplication}', contextInitializerClasses = '[]', activeProfiles = '{}', propertySourceLocations = '{}', propertySourceProperties = '{org.springframework.boot.test.context.SpringBootTestContextBootstrapper=true}', contextCustomizers = set[org.springframework.boot.test.context.filter.ExcludeFilterContextCustomizer@5b000fe6, org.springframework.boot.test.json.DuplicateJsonObjectContextCustomizerFactory$DuplicateJsonObjectContextCustomizer@5a1f778, org.springframework.boot.test.mock.mockito.MockitoContextCustomizer@0, org.springframework.boot.test.web.client.TestRestTemplateContextCustomizer@61bb1e4d, org.springframework.boot.test.autoconfigure.actuate.metrics.MetricsExportContextCustomizerFactory$DisableMetricExportContextCustomizer@6f347d7, org.springframework.boot.test.autoconfigure.properties.PropertyMappingContextCustomizer@0, org.springframework.boot.test.autoconfigure.web.servlet.WebDriverContextCustomizerFactory$Customizer@64bebd55, org.springframework.boot.test.context.SpringBootTestArgs@1, org.springframework.boot.test.context.SpringBootTestWebEnvironment@ed3068a], resourceBasePath = 'src/main/webapp', contextLoader = 'org.springframework.boot.test.context.SpringBootContextLoader', parent = [null]], attributes = map['org.springframework.test.context.web.ServletTestExecutionListener.activateListener' -> true, 'org.springframework.test.context.web.ServletTestExecutionListener.populatedRequestContextHolder' -> true, 'org.springframework.test.context.web.ServletTestExecutionListener.resetRequestContextHolder' -> true, 'org.springframework.test.context.event.ApplicationEventsTestExecutionListener.recordApplicationEvents' -> false]]
]]></system-out>
  </testcase>
  <testcase name="testInsertProducts_positive" classname="com.revature.caseclothes.daounittests.ProductDaoTest" time="0.685">
    <system-out><![CDATA[2021-12-23 21:35:36.562  INFO 19668 --- [           main] j.LocalContainerEntityManagerFactoryBean : Closing JPA EntityManagerFactory for persistence unit 'default'
2021-12-23 21:35:36.562  INFO 19668 --- [           main] .SchemaDropperImpl$DelayedDropActionImpl : HHH000477: Starting delayed evictData of schema as part of SessionFactory shut-down'
2021-12-23 21:35:36.566  INFO 19668 --- [           main] com.zaxxer.hikari.HikariDataSource       : HikariPool-6 - Shutdown initiated...
2021-12-23 21:35:36.567  INFO 19668 --- [           main] com.zaxxer.hikari.HikariDataSource       : HikariPool-6 - Shutdown completed.

  .   ____          _            __ _ _
 /\\ / ___'_ __ _ _(_)_ __  __ _ \ \ \ \
( ( )\___ | '_ | '_| | '_ \/ _` | \ \ \ \
 \\/  ___)| |_)| | | | | || (_| |  ) ) ) )
  '  |____| .__|_| |_|_| |_\__, | / / / /
 =========|_|==============|___/=/_/_/_/
 :: Spring Boot ::                (v2.6.1)

2021-12-23 21:35:36.585  INFO 19668 --- [           main] c.r.c.daounittests.ProductDaoTest        : Starting ProductDaoTest using Java 1.8.0_301 on MSI-Jymm with PID 19668 (started by jymmm in D:\Curriculum-211018-Jymm\project-2-Team-Not-Found\case-clothes)
2021-12-23 21:35:36.586  INFO 19668 --- [           main] c.r.c.daounittests.ProductDaoTest        : No active profile set, falling back to default profiles: default
2021-12-23 21:35:36.703  INFO 19668 --- [           main] .s.d.r.c.RepositoryConfigurationDelegate : Bootstrapping Spring Data JPA repositories in DEFAULT mode.
2021-12-23 21:35:36.705  INFO 19668 --- [           main] .s.d.r.c.RepositoryConfigurationDelegate : Finished Spring Data repository scanning in 2 ms. Found 0 JPA repository interfaces.
2021-12-23 21:35:36.792  INFO 19668 --- [           main] com.zaxxer.hikari.HikariDataSource       : HikariPool-7 - Starting...
2021-12-23 21:35:36.793  INFO 19668 --- [           main] com.zaxxer.hikari.HikariDataSource       : HikariPool-7 - Start completed.
2021-12-23 21:35:36.804  INFO 19668 --- [           main] o.hibernate.jpa.internal.util.LogHelper  : HHH000204: Processing PersistenceUnitInfo [name: default]
2021-12-23 21:35:36.808  INFO 19668 --- [           main] org.hibernate.dialect.Dialect            : HHH000400: Using dialect: org.hibernate.dialect.H2Dialect
2021-12-23 21:35:36.879  INFO 19668 --- [           main] o.h.e.t.j.p.i.JtaPlatformInitiator       : HHH000490: Using JtaPlatform implementation: [org.hibernate.engine.transaction.jta.platform.internal.NoJtaPlatform]
2021-12-23 21:35:36.880  INFO 19668 --- [           main] j.LocalContainerEntityManagerFactoryBean : Initialized JPA EntityManagerFactory for persistence unit 'default'
2021-12-23 21:35:36.964  WARN 19668 --- [           main] JpaBaseConfiguration$JpaWebConfiguration : spring.jpa.open-in-view is enabled by default. Therefore, database queries may be performed during view rendering. Explicitly configure spring.jpa.open-in-view to disable this warning
2021-12-23 21:35:37.225  INFO 19668 --- [           main] c.r.c.daounittests.ProductDaoTest        : Started ProductDaoTest in 0.655 seconds (JVM running for 10.969)
2021-12-23 21:35:37.239  INFO 19668 --- [           main] o.s.t.c.transaction.TransactionContext   : Began transaction (1) for test context [DefaultTestContext@305894b5 testClass = ProductDaoTest, testInstance = com.revature.caseclothes.daounittests.ProductDaoTest@7c21c7b4, testMethod = testInsertProducts_positive@ProductDaoTest, testException = [null], mergedContextConfiguration = [WebMergedContextConfiguration@234b23d6 testClass = ProductDaoTest, locations = '{}', classes = '{class com.revature.caseclothes.CaseClothesApplication}', contextInitializerClasses = '[]', activeProfiles = '{}', propertySourceLocations = '{}', propertySourceProperties = '{org.springframework.boot.test.context.SpringBootTestContextBootstrapper=true}', contextCustomizers = set[org.springframework.boot.test.context.filter.ExcludeFilterContextCustomizer@5b000fe6, org.springframework.boot.test.json.DuplicateJsonObjectContextCustomizerFactory$DuplicateJsonObjectContextCustomizer@5a1f778, org.springframework.boot.test.mock.mockito.MockitoContextCustomizer@0, org.springframework.boot.test.web.client.TestRestTemplateContextCustomizer@61bb1e4d, org.springframework.boot.test.autoconfigure.actuate.metrics.MetricsExportContextCustomizerFactory$DisableMetricExportContextCustomizer@6f347d7, org.springframework.boot.test.autoconfigure.properties.PropertyMappingContextCustomizer@0, org.springframework.boot.test.autoconfigure.web.servlet.WebDriverContextCustomizerFactory$Customizer@64bebd55, org.springframework.boot.test.context.SpringBootTestArgs@1, org.springframework.boot.test.context.SpringBootTestWebEnvironment@ed3068a], resourceBasePath = 'src/main/webapp', contextLoader = 'org.springframework.boot.test.context.SpringBootContextLoader', parent = [null]], attributes = map['org.springframework.test.context.web.ServletTestExecutionListener.activateListener' -> true, 'org.springframework.test.context.web.ServletTestExecutionListener.populatedRequestContextHolder' -> true, 'org.springframework.test.context.web.ServletTestExecutionListener.resetRequestContextHolder' -> true, 'org.springframework.test.context.event.ApplicationEventsTestExecutionListener.recordApplicationEvents' -> false]]; transaction manager [org.springframework.orm.jpa.JpaTransactionManager@18fac15d]; rollback [true]
2021-12-23 21:35:37.246  INFO 19668 --- [           main] o.s.t.c.transaction.TransactionContext   : Rolled back transaction for test: [DefaultTestContext@305894b5 testClass = ProductDaoTest, testInstance = com.revature.caseclothes.daounittests.ProductDaoTest@7c21c7b4, testMethod = testInsertProducts_positive@ProductDaoTest, testException = [null], mergedContextConfiguration = [WebMergedContextConfiguration@234b23d6 testClass = ProductDaoTest, locations = '{}', classes = '{class com.revature.caseclothes.CaseClothesApplication}', contextInitializerClasses = '[]', activeProfiles = '{}', propertySourceLocations = '{}', propertySourceProperties = '{org.springframework.boot.test.context.SpringBootTestContextBootstrapper=true}', contextCustomizers = set[org.springframework.boot.test.context.filter.ExcludeFilterContextCustomizer@5b000fe6, org.springframework.boot.test.json.DuplicateJsonObjectContextCustomizerFactory$DuplicateJsonObjectContextCustomizer@5a1f778, org.springframework.boot.test.mock.mockito.MockitoContextCustomizer@0, org.springframework.boot.test.web.client.TestRestTemplateContextCustomizer@61bb1e4d, org.springframework.boot.test.autoconfigure.actuate.metrics.MetricsExportContextCustomizerFactory$DisableMetricExportContextCustomizer@6f347d7, org.springframework.boot.test.autoconfigure.properties.PropertyMappingContextCustomizer@0, org.springframework.boot.test.autoconfigure.web.servlet.WebDriverContextCustomizerFactory$Customizer@64bebd55, org.springframework.boot.test.context.SpringBootTestArgs@1, org.springframework.boot.test.context.SpringBootTestWebEnvironment@ed3068a], resourceBasePath = 'src/main/webapp', contextLoader = 'org.springframework.boot.test.context.SpringBootContextLoader', parent = [null]], attributes = map['org.springframework.test.context.web.ServletTestExecutionListener.activateListener' -> true, 'org.springframework.test.context.web.ServletTestExecutionListener.populatedRequestContextHolder' -> true, 'org.springframework.test.context.web.ServletTestExecutionListener.resetRequestContextHolder' -> true, 'org.springframework.test.context.event.ApplicationEventsTestExecutionListener.recordApplicationEvents' -> false]]
]]></system-out>
  </testcase>
  <testcase name="getAllProductsByName_nameDoesNotExists" classname="com.revature.caseclothes.daounittests.ProductDaoTest" time="0.622">
    <system-out><![CDATA[2021-12-23 21:35:37.249  INFO 19668 --- [           main] j.LocalContainerEntityManagerFactoryBean : Closing JPA EntityManagerFactory for persistence unit 'default'
2021-12-23 21:35:37.249  INFO 19668 --- [           main] .SchemaDropperImpl$DelayedDropActionImpl : HHH000477: Starting delayed evictData of schema as part of SessionFactory shut-down'
2021-12-23 21:35:37.252  INFO 19668 --- [           main] com.zaxxer.hikari.HikariDataSource       : HikariPool-7 - Shutdown initiated...
2021-12-23 21:35:37.253  INFO 19668 --- [           main] com.zaxxer.hikari.HikariDataSource       : HikariPool-7 - Shutdown completed.

  .   ____          _            __ _ _
 /\\ / ___'_ __ _ _(_)_ __  __ _ \ \ \ \
( ( )\___ | '_ | '_| | '_ \/ _` | \ \ \ \
 \\/  ___)| |_)| | | | | || (_| |  ) ) ) )
  '  |____| .__|_| |_|_| |_\__, | / / / /
 =========|_|==============|___/=/_/_/_/
 :: Spring Boot ::                (v2.6.1)

2021-12-23 21:35:37.271  INFO 19668 --- [           main] c.r.c.daounittests.ProductDaoTest        : Starting ProductDaoTest using Java 1.8.0_301 on MSI-Jymm with PID 19668 (started by jymmm in D:\Curriculum-211018-Jymm\project-2-Team-Not-Found\case-clothes)
2021-12-23 21:35:37.271  INFO 19668 --- [           main] c.r.c.daounittests.ProductDaoTest        : No active profile set, falling back to default profiles: default
2021-12-23 21:35:37.387  INFO 19668 --- [           main] .s.d.r.c.RepositoryConfigurationDelegate : Bootstrapping Spring Data JPA repositories in DEFAULT mode.
2021-12-23 21:35:37.389  INFO 19668 --- [           main] .s.d.r.c.RepositoryConfigurationDelegate : Finished Spring Data repository scanning in 2 ms. Found 0 JPA repository interfaces.
2021-12-23 21:35:37.480  INFO 19668 --- [           main] com.zaxxer.hikari.HikariDataSource       : HikariPool-8 - Starting...
2021-12-23 21:35:37.481  INFO 19668 --- [           main] com.zaxxer.hikari.HikariDataSource       : HikariPool-8 - Start completed.
2021-12-23 21:35:37.490  INFO 19668 --- [           main] o.hibernate.jpa.internal.util.LogHelper  : HHH000204: Processing PersistenceUnitInfo [name: default]
2021-12-23 21:35:37.494  INFO 19668 --- [           main] org.hibernate.dialect.Dialect            : HHH000400: Using dialect: org.hibernate.dialect.H2Dialect
2021-12-23 21:35:37.553  INFO 19668 --- [           main] o.h.e.t.j.p.i.JtaPlatformInitiator       : HHH000490: Using JtaPlatform implementation: [org.hibernate.engine.transaction.jta.platform.internal.NoJtaPlatform]
2021-12-23 21:35:37.553  INFO 19668 --- [           main] j.LocalContainerEntityManagerFactoryBean : Initialized JPA EntityManagerFactory for persistence unit 'default'
2021-12-23 21:35:37.639  WARN 19668 --- [           main] JpaBaseConfiguration$JpaWebConfiguration : spring.jpa.open-in-view is enabled by default. Therefore, database queries may be performed during view rendering. Explicitly configure spring.jpa.open-in-view to disable this warning
2021-12-23 21:35:37.853  INFO 19668 --- [           main] c.r.c.daounittests.ProductDaoTest        : Started ProductDaoTest in 0.598 seconds (JVM running for 11.598)
2021-12-23 21:35:37.862  INFO 19668 --- [           main] o.s.t.c.transaction.TransactionContext   : Began transaction (1) for test context [DefaultTestContext@305894b5 testClass = ProductDaoTest, testInstance = com.revature.caseclothes.daounittests.ProductDaoTest@3b184e75, testMethod = getAllProductsByName_nameDoesNotExists@ProductDaoTest, testException = [null], mergedContextConfiguration = [WebMergedContextConfiguration@234b23d6 testClass = ProductDaoTest, locations = '{}', classes = '{class com.revature.caseclothes.CaseClothesApplication}', contextInitializerClasses = '[]', activeProfiles = '{}', propertySourceLocations = '{}', propertySourceProperties = '{org.springframework.boot.test.context.SpringBootTestContextBootstrapper=true}', contextCustomizers = set[org.springframework.boot.test.context.filter.ExcludeFilterContextCustomizer@5b000fe6, org.springframework.boot.test.json.DuplicateJsonObjectContextCustomizerFactory$DuplicateJsonObjectContextCustomizer@5a1f778, org.springframework.boot.test.mock.mockito.MockitoContextCustomizer@0, org.springframework.boot.test.web.client.TestRestTemplateContextCustomizer@61bb1e4d, org.springframework.boot.test.autoconfigure.actuate.metrics.MetricsExportContextCustomizerFactory$DisableMetricExportContextCustomizer@6f347d7, org.springframework.boot.test.autoconfigure.properties.PropertyMappingContextCustomizer@0, org.springframework.boot.test.autoconfigure.web.servlet.WebDriverContextCustomizerFactory$Customizer@64bebd55, org.springframework.boot.test.context.SpringBootTestArgs@1, org.springframework.boot.test.context.SpringBootTestWebEnvironment@ed3068a], resourceBasePath = 'src/main/webapp', contextLoader = 'org.springframework.boot.test.context.SpringBootContextLoader', parent = [null]], attributes = map['org.springframework.test.context.web.ServletTestExecutionListener.activateListener' -> true, 'org.springframework.test.context.web.ServletTestExecutionListener.populatedRequestContextHolder' -> true, 'org.springframework.test.context.web.ServletTestExecutionListener.resetRequestContextHolder' -> true, 'org.springframework.test.context.event.ApplicationEventsTestExecutionListener.recordApplicationEvents' -> false]]; transaction manager [org.springframework.orm.jpa.JpaTransactionManager@5fcdf1bd]; rollback [true]
2021-12-23 21:35:37.870  INFO 19668 --- [           main] o.s.t.c.transaction.TransactionContext   : Rolled back transaction for test: [DefaultTestContext@305894b5 testClass = ProductDaoTest, testInstance = com.revature.caseclothes.daounittests.ProductDaoTest@3b184e75, testMethod = getAllProductsByName_nameDoesNotExists@ProductDaoTest, testException = [null], mergedContextConfiguration = [WebMergedContextConfiguration@234b23d6 testClass = ProductDaoTest, locations = '{}', classes = '{class com.revature.caseclothes.CaseClothesApplication}', contextInitializerClasses = '[]', activeProfiles = '{}', propertySourceLocations = '{}', propertySourceProperties = '{org.springframework.boot.test.context.SpringBootTestContextBootstrapper=true}', contextCustomizers = set[org.springframework.boot.test.context.filter.ExcludeFilterContextCustomizer@5b000fe6, org.springframework.boot.test.json.DuplicateJsonObjectContextCustomizerFactory$DuplicateJsonObjectContextCustomizer@5a1f778, org.springframework.boot.test.mock.mockito.MockitoContextCustomizer@0, org.springframework.boot.test.web.client.TestRestTemplateContextCustomizer@61bb1e4d, org.springframework.boot.test.autoconfigure.actuate.metrics.MetricsExportContextCustomizerFactory$DisableMetricExportContextCustomizer@6f347d7, org.springframework.boot.test.autoconfigure.properties.PropertyMappingContextCustomizer@0, org.springframework.boot.test.autoconfigure.web.servlet.WebDriverContextCustomizerFactory$Customizer@64bebd55, org.springframework.boot.test.context.SpringBootTestArgs@1, org.springframework.boot.test.context.SpringBootTestWebEnvironment@ed3068a], resourceBasePath = 'src/main/webapp', contextLoader = 'org.springframework.boot.test.context.SpringBootContextLoader', parent = [null]], attributes = map['org.springframework.test.context.web.ServletTestExecutionListener.activateListener' -> true, 'org.springframework.test.context.web.ServletTestExecutionListener.populatedRequestContextHolder' -> true, 'org.springframework.test.context.web.ServletTestExecutionListener.resetRequestContextHolder' -> true, 'org.springframework.test.context.event.ApplicationEventsTestExecutionListener.recordApplicationEvents' -> false]]
]]></system-out>
  </testcase>
  <testcase name="testUpdateProductsInTheCart" classname="com.revature.caseclothes.daounittests.ProductDaoTest" time="0.615">
    <system-out><![CDATA[2021-12-23 21:35:37.873  INFO 19668 --- [           main] j.LocalContainerEntityManagerFactoryBean : Closing JPA EntityManagerFactory for persistence unit 'default'
2021-12-23 21:35:37.873  INFO 19668 --- [           main] .SchemaDropperImpl$DelayedDropActionImpl : HHH000477: Starting delayed evictData of schema as part of SessionFactory shut-down'
2021-12-23 21:35:37.877  INFO 19668 --- [           main] com.zaxxer.hikari.HikariDataSource       : HikariPool-8 - Shutdown initiated...
2021-12-23 21:35:37.878  INFO 19668 --- [           main] com.zaxxer.hikari.HikariDataSource       : HikariPool-8 - Shutdown completed.

  .   ____          _            __ _ _
 /\\ / ___'_ __ _ _(_)_ __  __ _ \ \ \ \
( ( )\___ | '_ | '_| | '_ \/ _` | \ \ \ \
 \\/  ___)| |_)| | | | | || (_| |  ) ) ) )
  '  |____| .__|_| |_|_| |_\__, | / / / /
 =========|_|==============|___/=/_/_/_/
 :: Spring Boot ::                (v2.6.1)

2021-12-23 21:35:37.894  INFO 19668 --- [           main] c.r.c.daounittests.ProductDaoTest        : Starting ProductDaoTest using Java 1.8.0_301 on MSI-Jymm with PID 19668 (started by jymmm in D:\Curriculum-211018-Jymm\project-2-Team-Not-Found\case-clothes)
2021-12-23 21:35:37.895  INFO 19668 --- [           main] c.r.c.daounittests.ProductDaoTest        : No active profile set, falling back to default profiles: default
2021-12-23 21:35:38.004  INFO 19668 --- [           main] .s.d.r.c.RepositoryConfigurationDelegate : Bootstrapping Spring Data JPA repositories in DEFAULT mode.
2021-12-23 21:35:38.007  INFO 19668 --- [           main] .s.d.r.c.RepositoryConfigurationDelegate : Finished Spring Data repository scanning in 2 ms. Found 0 JPA repository interfaces.
2021-12-23 21:35:38.084  INFO 19668 --- [           main] com.zaxxer.hikari.HikariDataSource       : HikariPool-9 - Starting...
2021-12-23 21:35:38.086  INFO 19668 --- [           main] com.zaxxer.hikari.HikariDataSource       : HikariPool-9 - Start completed.
2021-12-23 21:35:38.096  INFO 19668 --- [           main] o.hibernate.jpa.internal.util.LogHelper  : HHH000204: Processing PersistenceUnitInfo [name: default]
2021-12-23 21:35:38.099  INFO 19668 --- [           main] org.hibernate.dialect.Dialect            : HHH000400: Using dialect: org.hibernate.dialect.H2Dialect
2021-12-23 21:35:38.162  INFO 19668 --- [           main] o.h.e.t.j.p.i.JtaPlatformInitiator       : HHH000490: Using JtaPlatform implementation: [org.hibernate.engine.transaction.jta.platform.internal.NoJtaPlatform]
2021-12-23 21:35:38.162  INFO 19668 --- [           main] j.LocalContainerEntityManagerFactoryBean : Initialized JPA EntityManagerFactory for persistence unit 'default'
2021-12-23 21:35:38.245  WARN 19668 --- [           main] JpaBaseConfiguration$JpaWebConfiguration : spring.jpa.open-in-view is enabled by default. Therefore, database queries may be performed during view rendering. Explicitly configure spring.jpa.open-in-view to disable this warning
2021-12-23 21:35:38.467  INFO 19668 --- [           main] c.r.c.daounittests.ProductDaoTest        : Started ProductDaoTest in 0.586 seconds (JVM running for 12.21)
2021-12-23 21:35:38.476  INFO 19668 --- [           main] o.s.t.c.transaction.TransactionContext   : Began transaction (1) for test context [DefaultTestContext@305894b5 testClass = ProductDaoTest, testInstance = com.revature.caseclothes.daounittests.ProductDaoTest@2e67d1f0, testMethod = testUpdateProductsInTheCart@ProductDaoTest, testException = [null], mergedContextConfiguration = [WebMergedContextConfiguration@234b23d6 testClass = ProductDaoTest, locations = '{}', classes = '{class com.revature.caseclothes.CaseClothesApplication}', contextInitializerClasses = '[]', activeProfiles = '{}', propertySourceLocations = '{}', propertySourceProperties = '{org.springframework.boot.test.context.SpringBootTestContextBootstrapper=true}', contextCustomizers = set[org.springframework.boot.test.context.filter.ExcludeFilterContextCustomizer@5b000fe6, org.springframework.boot.test.json.DuplicateJsonObjectContextCustomizerFactory$DuplicateJsonObjectContextCustomizer@5a1f778, org.springframework.boot.test.mock.mockito.MockitoContextCustomizer@0, org.springframework.boot.test.web.client.TestRestTemplateContextCustomizer@61bb1e4d, org.springframework.boot.test.autoconfigure.actuate.metrics.MetricsExportContextCustomizerFactory$DisableMetricExportContextCustomizer@6f347d7, org.springframework.boot.test.autoconfigure.properties.PropertyMappingContextCustomizer@0, org.springframework.boot.test.autoconfigure.web.servlet.WebDriverContextCustomizerFactory$Customizer@64bebd55, org.springframework.boot.test.context.SpringBootTestArgs@1, org.springframework.boot.test.context.SpringBootTestWebEnvironment@ed3068a], resourceBasePath = 'src/main/webapp', contextLoader = 'org.springframework.boot.test.context.SpringBootContextLoader', parent = [null]], attributes = map['org.springframework.test.context.web.ServletTestExecutionListener.activateListener' -> true, 'org.springframework.test.context.web.ServletTestExecutionListener.populatedRequestContextHolder' -> true, 'org.springframework.test.context.web.ServletTestExecutionListener.resetRequestContextHolder' -> true, 'org.springframework.test.context.event.ApplicationEventsTestExecutionListener.recordApplicationEvents' -> false]]; transaction manager [org.springframework.orm.jpa.JpaTransactionManager@6f11ab4f]; rollback [true]
2021-12-23 21:35:38.487  INFO 19668 --- [           main] o.s.t.c.transaction.TransactionContext   : Rolled back transaction for test: [DefaultTestContext@305894b5 testClass = ProductDaoTest, testInstance = com.revature.caseclothes.daounittests.ProductDaoTest@2e67d1f0, testMethod = testUpdateProductsInTheCart@ProductDaoTest, testException = [null], mergedContextConfiguration = [WebMergedContextConfiguration@234b23d6 testClass = ProductDaoTest, locations = '{}', classes = '{class com.revature.caseclothes.CaseClothesApplication}', contextInitializerClasses = '[]', activeProfiles = '{}', propertySourceLocations = '{}', propertySourceProperties = '{org.springframework.boot.test.context.SpringBootTestContextBootstrapper=true}', contextCustomizers = set[org.springframework.boot.test.context.filter.ExcludeFilterContextCustomizer@5b000fe6, org.springframework.boot.test.json.DuplicateJsonObjectContextCustomizerFactory$DuplicateJsonObjectContextCustomizer@5a1f778, org.springframework.boot.test.mock.mockito.MockitoContextCustomizer@0, org.springframework.boot.test.web.client.TestRestTemplateContextCustomizer@61bb1e4d, org.springframework.boot.test.autoconfigure.actuate.metrics.MetricsExportContextCustomizerFactory$DisableMetricExportContextCustomizer@6f347d7, org.springframework.boot.test.autoconfigure.properties.PropertyMappingContextCustomizer@0, org.springframework.boot.test.autoconfigure.web.servlet.WebDriverContextCustomizerFactory$Customizer@64bebd55, org.springframework.boot.test.context.SpringBootTestArgs@1, org.springframework.boot.test.context.SpringBootTestWebEnvironment@ed3068a], resourceBasePath = 'src/main/webapp', contextLoader = 'org.springframework.boot.test.context.SpringBootContextLoader', parent = [null]], attributes = map['org.springframework.test.context.web.ServletTestExecutionListener.activateListener' -> true, 'org.springframework.test.context.web.ServletTestExecutionListener.populatedRequestContextHolder' -> true, 'org.springframework.test.context.web.ServletTestExecutionListener.resetRequestContextHolder' -> true, 'org.springframework.test.context.event.ApplicationEventsTestExecutionListener.recordApplicationEvents' -> false]]
]]></system-out>
  </testcase>
  <testcase name="testDeleteAProductInTheCart" classname="com.revature.caseclothes.daounittests.ProductDaoTest" time="0.602">
    <system-out><![CDATA[2021-12-23 21:35:38.489  INFO 19668 --- [           main] j.LocalContainerEntityManagerFactoryBean : Closing JPA EntityManagerFactory for persistence unit 'default'
2021-12-23 21:35:38.489  INFO 19668 --- [           main] .SchemaDropperImpl$DelayedDropActionImpl : HHH000477: Starting delayed evictData of schema as part of SessionFactory shut-down'
2021-12-23 21:35:38.492  INFO 19668 --- [           main] com.zaxxer.hikari.HikariDataSource       : HikariPool-9 - Shutdown initiated...
2021-12-23 21:35:38.493  INFO 19668 --- [           main] com.zaxxer.hikari.HikariDataSource       : HikariPool-9 - Shutdown completed.

  .   ____          _            __ _ _
 /\\ / ___'_ __ _ _(_)_ __  __ _ \ \ \ \
( ( )\___ | '_ | '_| | '_ \/ _` | \ \ \ \
 \\/  ___)| |_)| | | | | || (_| |  ) ) ) )
  '  |____| .__|_| |_|_| |_\__, | / / / /
 =========|_|==============|___/=/_/_/_/
 :: Spring Boot ::                (v2.6.1)

2021-12-23 21:35:38.509  INFO 19668 --- [           main] c.r.c.daounittests.ProductDaoTest        : Starting ProductDaoTest using Java 1.8.0_301 on MSI-Jymm with PID 19668 (started by jymmm in D:\Curriculum-211018-Jymm\project-2-Team-Not-Found\case-clothes)
2021-12-23 21:35:38.510  INFO 19668 --- [           main] c.r.c.daounittests.ProductDaoTest        : No active profile set, falling back to default profiles: default
2021-12-23 21:35:38.622  INFO 19668 --- [           main] .s.d.r.c.RepositoryConfigurationDelegate : Bootstrapping Spring Data JPA repositories in DEFAULT mode.
2021-12-23 21:35:38.624  INFO 19668 --- [           main] .s.d.r.c.RepositoryConfigurationDelegate : Finished Spring Data repository scanning in 2 ms. Found 0 JPA repository interfaces.
2021-12-23 21:35:38.700  INFO 19668 --- [           main] com.zaxxer.hikari.HikariDataSource       : HikariPool-10 - Starting...
2021-12-23 21:35:38.701  INFO 19668 --- [           main] com.zaxxer.hikari.HikariDataSource       : HikariPool-10 - Start completed.
2021-12-23 21:35:38.710  INFO 19668 --- [           main] o.hibernate.jpa.internal.util.LogHelper  : HHH000204: Processing PersistenceUnitInfo [name: default]
2021-12-23 21:35:38.713  INFO 19668 --- [           main] org.hibernate.dialect.Dialect            : HHH000400: Using dialect: org.hibernate.dialect.H2Dialect
2021-12-23 21:35:38.772  INFO 19668 --- [           main] o.h.e.t.j.p.i.JtaPlatformInitiator       : HHH000490: Using JtaPlatform implementation: [org.hibernate.engine.transaction.jta.platform.internal.NoJtaPlatform]
2021-12-23 21:35:38.772  INFO 19668 --- [           main] j.LocalContainerEntityManagerFactoryBean : Initialized JPA EntityManagerFactory for persistence unit 'default'
2021-12-23 21:35:38.851  WARN 19668 --- [           main] JpaBaseConfiguration$JpaWebConfiguration : spring.jpa.open-in-view is enabled by default. Therefore, database queries may be performed during view rendering. Explicitly configure spring.jpa.open-in-view to disable this warning
2021-12-23 21:35:39.068  INFO 19668 --- [           main] c.r.c.daounittests.ProductDaoTest        : Started ProductDaoTest in 0.573 seconds (JVM running for 12.811)
2021-12-23 21:35:39.076  INFO 19668 --- [           main] o.s.t.c.transaction.TransactionContext   : Began transaction (1) for test context [DefaultTestContext@305894b5 testClass = ProductDaoTest, testInstance = com.revature.caseclothes.daounittests.ProductDaoTest@4d457bbe, testMethod = testDeleteAProductInTheCart@ProductDaoTest, testException = [null], mergedContextConfiguration = [WebMergedContextConfiguration@234b23d6 testClass = ProductDaoTest, locations = '{}', classes = '{class com.revature.caseclothes.CaseClothesApplication}', contextInitializerClasses = '[]', activeProfiles = '{}', propertySourceLocations = '{}', propertySourceProperties = '{org.springframework.boot.test.context.SpringBootTestContextBootstrapper=true}', contextCustomizers = set[org.springframework.boot.test.context.filter.ExcludeFilterContextCustomizer@5b000fe6, org.springframework.boot.test.json.DuplicateJsonObjectContextCustomizerFactory$DuplicateJsonObjectContextCustomizer@5a1f778, org.springframework.boot.test.mock.mockito.MockitoContextCustomizer@0, org.springframework.boot.test.web.client.TestRestTemplateContextCustomizer@61bb1e4d, org.springframework.boot.test.autoconfigure.actuate.metrics.MetricsExportContextCustomizerFactory$DisableMetricExportContextCustomizer@6f347d7, org.springframework.boot.test.autoconfigure.properties.PropertyMappingContextCustomizer@0, org.springframework.boot.test.autoconfigure.web.servlet.WebDriverContextCustomizerFactory$Customizer@64bebd55, org.springframework.boot.test.context.SpringBootTestArgs@1, org.springframework.boot.test.context.SpringBootTestWebEnvironment@ed3068a], resourceBasePath = 'src/main/webapp', contextLoader = 'org.springframework.boot.test.context.SpringBootContextLoader', parent = [null]], attributes = map['org.springframework.test.context.web.ServletTestExecutionListener.activateListener' -> true, 'org.springframework.test.context.web.ServletTestExecutionListener.populatedRequestContextHolder' -> true, 'org.springframework.test.context.web.ServletTestExecutionListener.resetRequestContextHolder' -> true, 'org.springframework.test.context.event.ApplicationEventsTestExecutionListener.recordApplicationEvents' -> false]]; transaction manager [org.springframework.orm.jpa.JpaTransactionManager@d05821b]; rollback [true]
Carts [cartId=1, user=null, quantities=[Quantities [quantityId=1, product=Products [id=1, name=tshirt, description=Your perfect pack for everyday, price=109.95, categories=Category [categoryId=1, category=Men's Clothing], imageURL= , totalQuantity=100], quantity=4], Quantities [quantityId=2, product=Products [id=1, name=tshirt, description=Your perfect pack for everyday, price=109.95, categories=Category [categoryId=1, category=Men's Clothing], imageURL= , totalQuantity=100], quantity=7], Quantities [quantityId=3, product=Products [id=1, name=tshirt, description=Your perfect pack for everyday, price=109.95, categories=Category [categoryId=1, category=Men's Clothing], imageURL= , totalQuantity=100], quantity=10]]]
2021-12-23 21:35:39.089  INFO 19668 --- [           main] o.s.t.c.transaction.TransactionContext   : Rolled back transaction for test: [DefaultTestContext@305894b5 testClass = ProductDaoTest, testInstance = com.revature.caseclothes.daounittests.ProductDaoTest@4d457bbe, testMethod = testDeleteAProductInTheCart@ProductDaoTest, testException = [null], mergedContextConfiguration = [WebMergedContextConfiguration@234b23d6 testClass = ProductDaoTest, locations = '{}', classes = '{class com.revature.caseclothes.CaseClothesApplication}', contextInitializerClasses = '[]', activeProfiles = '{}', propertySourceLocations = '{}', propertySourceProperties = '{org.springframework.boot.test.context.SpringBootTestContextBootstrapper=true}', contextCustomizers = set[org.springframework.boot.test.context.filter.ExcludeFilterContextCustomizer@5b000fe6, org.springframework.boot.test.json.DuplicateJsonObjectContextCustomizerFactory$DuplicateJsonObjectContextCustomizer@5a1f778, org.springframework.boot.test.mock.mockito.MockitoContextCustomizer@0, org.springframework.boot.test.web.client.TestRestTemplateContextCustomizer@61bb1e4d, org.springframework.boot.test.autoconfigure.actuate.metrics.MetricsExportContextCustomizerFactory$DisableMetricExportContextCustomizer@6f347d7, org.springframework.boot.test.autoconfigure.properties.PropertyMappingContextCustomizer@0, org.springframework.boot.test.autoconfigure.web.servlet.WebDriverContextCustomizerFactory$Customizer@64bebd55, org.springframework.boot.test.context.SpringBootTestArgs@1, org.springframework.boot.test.context.SpringBootTestWebEnvironment@ed3068a], resourceBasePath = 'src/main/webapp', contextLoader = 'org.springframework.boot.test.context.SpringBootContextLoader', parent = [null]], attributes = map['org.springframework.test.context.web.ServletTestExecutionListener.activateListener' -> true, 'org.springframework.test.context.web.ServletTestExecutionListener.populatedRequestContextHolder' -> true, 'org.springframework.test.context.web.ServletTestExecutionListener.resetRequestContextHolder' -> true, 'org.springframework.test.context.event.ApplicationEventsTestExecutionListener.recordApplicationEvents' -> false]]
]]></system-out>
  </testcase>
  <testcase name="testGetAllProducts_positive" classname="com.revature.caseclothes.daounittests.ProductDaoTest" time="0.567">
    <system-out><![CDATA[2021-12-23 21:35:39.092  INFO 19668 --- [           main] j.LocalContainerEntityManagerFactoryBean : Closing JPA EntityManagerFactory for persistence unit 'default'
2021-12-23 21:35:39.092  INFO 19668 --- [           main] .SchemaDropperImpl$DelayedDropActionImpl : HHH000477: Starting delayed evictData of schema as part of SessionFactory shut-down'
2021-12-23 21:35:39.094  INFO 19668 --- [           main] com.zaxxer.hikari.HikariDataSource       : HikariPool-10 - Shutdown initiated...
2021-12-23 21:35:39.096  INFO 19668 --- [           main] com.zaxxer.hikari.HikariDataSource       : HikariPool-10 - Shutdown completed.

  .   ____          _            __ _ _
 /\\ / ___'_ __ _ _(_)_ __  __ _ \ \ \ \
( ( )\___ | '_ | '_| | '_ \/ _` | \ \ \ \
 \\/  ___)| |_)| | | | | || (_| |  ) ) ) )
  '  |____| .__|_| |_|_| |_\__, | / / / /
 =========|_|==============|___/=/_/_/_/
 :: Spring Boot ::                (v2.6.1)

2021-12-23 21:35:39.116  INFO 19668 --- [           main] c.r.c.daounittests.ProductDaoTest        : Starting ProductDaoTest using Java 1.8.0_301 on MSI-Jymm with PID 19668 (started by jymmm in D:\Curriculum-211018-Jymm\project-2-Team-Not-Found\case-clothes)
2021-12-23 21:35:39.116  INFO 19668 --- [           main] c.r.c.daounittests.ProductDaoTest        : No active profile set, falling back to default profiles: default
2021-12-23 21:35:39.218  INFO 19668 --- [           main] .s.d.r.c.RepositoryConfigurationDelegate : Bootstrapping Spring Data JPA repositories in DEFAULT mode.
2021-12-23 21:35:39.221  INFO 19668 --- [           main] .s.d.r.c.RepositoryConfigurationDelegate : Finished Spring Data repository scanning in 2 ms. Found 0 JPA repository interfaces.
2021-12-23 21:35:39.291  INFO 19668 --- [           main] com.zaxxer.hikari.HikariDataSource       : HikariPool-11 - Starting...
2021-12-23 21:35:39.292  INFO 19668 --- [           main] com.zaxxer.hikari.HikariDataSource       : HikariPool-11 - Start completed.
2021-12-23 21:35:39.300  INFO 19668 --- [           main] o.hibernate.jpa.internal.util.LogHelper  : HHH000204: Processing PersistenceUnitInfo [name: default]
2021-12-23 21:35:39.304  INFO 19668 --- [           main] org.hibernate.dialect.Dialect            : HHH000400: Using dialect: org.hibernate.dialect.H2Dialect
2021-12-23 21:35:39.364  INFO 19668 --- [           main] o.h.e.t.j.p.i.JtaPlatformInitiator       : HHH000490: Using JtaPlatform implementation: [org.hibernate.engine.transaction.jta.platform.internal.NoJtaPlatform]
2021-12-23 21:35:39.364  INFO 19668 --- [           main] j.LocalContainerEntityManagerFactoryBean : Initialized JPA EntityManagerFactory for persistence unit 'default'
2021-12-23 21:35:39.445  WARN 19668 --- [           main] JpaBaseConfiguration$JpaWebConfiguration : spring.jpa.open-in-view is enabled by default. Therefore, database queries may be performed during view rendering. Explicitly configure spring.jpa.open-in-view to disable this warning
2021-12-23 21:35:39.641  INFO 19668 --- [           main] c.r.c.daounittests.ProductDaoTest        : Started ProductDaoTest in 0.543 seconds (JVM running for 13.385)
2021-12-23 21:35:39.649  INFO 19668 --- [           main] o.s.t.c.transaction.TransactionContext   : Began transaction (1) for test context [DefaultTestContext@305894b5 testClass = ProductDaoTest, testInstance = com.revature.caseclothes.daounittests.ProductDaoTest@63227634, testMethod = testGetAllProducts_positive@ProductDaoTest, testException = [null], mergedContextConfiguration = [WebMergedContextConfiguration@234b23d6 testClass = ProductDaoTest, locations = '{}', classes = '{class com.revature.caseclothes.CaseClothesApplication}', contextInitializerClasses = '[]', activeProfiles = '{}', propertySourceLocations = '{}', propertySourceProperties = '{org.springframework.boot.test.context.SpringBootTestContextBootstrapper=true}', contextCustomizers = set[org.springframework.boot.test.context.filter.ExcludeFilterContextCustomizer@5b000fe6, org.springframework.boot.test.json.DuplicateJsonObjectContextCustomizerFactory$DuplicateJsonObjectContextCustomizer@5a1f778, org.springframework.boot.test.mock.mockito.MockitoContextCustomizer@0, org.springframework.boot.test.web.client.TestRestTemplateContextCustomizer@61bb1e4d, org.springframework.boot.test.autoconfigure.actuate.metrics.MetricsExportContextCustomizerFactory$DisableMetricExportContextCustomizer@6f347d7, org.springframework.boot.test.autoconfigure.properties.PropertyMappingContextCustomizer@0, org.springframework.boot.test.autoconfigure.web.servlet.WebDriverContextCustomizerFactory$Customizer@64bebd55, org.springframework.boot.test.context.SpringBootTestArgs@1, org.springframework.boot.test.context.SpringBootTestWebEnvironment@ed3068a], resourceBasePath = 'src/main/webapp', contextLoader = 'org.springframework.boot.test.context.SpringBootContextLoader', parent = [null]], attributes = map['org.springframework.test.context.web.ServletTestExecutionListener.activateListener' -> true, 'org.springframework.test.context.web.ServletTestExecutionListener.populatedRequestContextHolder' -> true, 'org.springframework.test.context.web.ServletTestExecutionListener.resetRequestContextHolder' -> true, 'org.springframework.test.context.event.ApplicationEventsTestExecutionListener.recordApplicationEvents' -> false]]; transaction manager [org.springframework.orm.jpa.JpaTransactionManager@7cb9affc]; rollback [true]
2021-12-23 21:35:39.658  INFO 19668 --- [           main] o.s.t.c.transaction.TransactionContext   : Rolled back transaction for test: [DefaultTestContext@305894b5 testClass = ProductDaoTest, testInstance = com.revature.caseclothes.daounittests.ProductDaoTest@63227634, testMethod = testGetAllProducts_positive@ProductDaoTest, testException = [null], mergedContextConfiguration = [WebMergedContextConfiguration@234b23d6 testClass = ProductDaoTest, locations = '{}', classes = '{class com.revature.caseclothes.CaseClothesApplication}', contextInitializerClasses = '[]', activeProfiles = '{}', propertySourceLocations = '{}', propertySourceProperties = '{org.springframework.boot.test.context.SpringBootTestContextBootstrapper=true}', contextCustomizers = set[org.springframework.boot.test.context.filter.ExcludeFilterContextCustomizer@5b000fe6, org.springframework.boot.test.json.DuplicateJsonObjectContextCustomizerFactory$DuplicateJsonObjectContextCustomizer@5a1f778, org.springframework.boot.test.mock.mockito.MockitoContextCustomizer@0, org.springframework.boot.test.web.client.TestRestTemplateContextCustomizer@61bb1e4d, org.springframework.boot.test.autoconfigure.actuate.metrics.MetricsExportContextCustomizerFactory$DisableMetricExportContextCustomizer@6f347d7, org.springframework.boot.test.autoconfigure.properties.PropertyMappingContextCustomizer@0, org.springframework.boot.test.autoconfigure.web.servlet.WebDriverContextCustomizerFactory$Customizer@64bebd55, org.springframework.boot.test.context.SpringBootTestArgs@1, org.springframework.boot.test.context.SpringBootTestWebEnvironment@ed3068a], resourceBasePath = 'src/main/webapp', contextLoader = 'org.springframework.boot.test.context.SpringBootContextLoader', parent = [null]], attributes = map['org.springframework.test.context.web.ServletTestExecutionListener.activateListener' -> true, 'org.springframework.test.context.web.ServletTestExecutionListener.populatedRequestContextHolder' -> true, 'org.springframework.test.context.web.ServletTestExecutionListener.resetRequestContextHolder' -> true, 'org.springframework.test.context.event.ApplicationEventsTestExecutionListener.recordApplicationEvents' -> false]]
]]></system-out>
  </testcase>
  <testcase name="testInsertToCart" classname="com.revature.caseclothes.daounittests.ProductDaoTest" time="0.587">
    <system-out><![CDATA[2021-12-23 21:35:39.660  INFO 19668 --- [           main] j.LocalContainerEntityManagerFactoryBean : Closing JPA EntityManagerFactory for persistence unit 'default'
2021-12-23 21:35:39.660  INFO 19668 --- [           main] .SchemaDropperImpl$DelayedDropActionImpl : HHH000477: Starting delayed evictData of schema as part of SessionFactory shut-down'
2021-12-23 21:35:39.663  INFO 19668 --- [           main] com.zaxxer.hikari.HikariDataSource       : HikariPool-11 - Shutdown initiated...
2021-12-23 21:35:39.664  INFO 19668 --- [           main] com.zaxxer.hikari.HikariDataSource       : HikariPool-11 - Shutdown completed.

  .   ____          _            __ _ _
 /\\ / ___'_ __ _ _(_)_ __  __ _ \ \ \ \
( ( )\___ | '_ | '_| | '_ \/ _` | \ \ \ \
 \\/  ___)| |_)| | | | | || (_| |  ) ) ) )
  '  |____| .__|_| |_|_| |_\__, | / / / /
 =========|_|==============|___/=/_/_/_/
 :: Spring Boot ::                (v2.6.1)

2021-12-23 21:35:39.682  INFO 19668 --- [           main] c.r.c.daounittests.ProductDaoTest        : Starting ProductDaoTest using Java 1.8.0_301 on MSI-Jymm with PID 19668 (started by jymmm in D:\Curriculum-211018-Jymm\project-2-Team-Not-Found\case-clothes)
2021-12-23 21:35:39.682  INFO 19668 --- [           main] c.r.c.daounittests.ProductDaoTest        : No active profile set, falling back to default profiles: default
2021-12-23 21:35:39.799  INFO 19668 --- [           main] .s.d.r.c.RepositoryConfigurationDelegate : Bootstrapping Spring Data JPA repositories in DEFAULT mode.
2021-12-23 21:35:39.801  INFO 19668 --- [           main] .s.d.r.c.RepositoryConfigurationDelegate : Finished Spring Data repository scanning in 2 ms. Found 0 JPA repository interfaces.
2021-12-23 21:35:39.881  INFO 19668 --- [           main] com.zaxxer.hikari.HikariDataSource       : HikariPool-12 - Starting...
2021-12-23 21:35:39.882  INFO 19668 --- [           main] com.zaxxer.hikari.HikariDataSource       : HikariPool-12 - Start completed.
2021-12-23 21:35:39.891  INFO 19668 --- [           main] o.hibernate.jpa.internal.util.LogHelper  : HHH000204: Processing PersistenceUnitInfo [name: default]
2021-12-23 21:35:39.895  INFO 19668 --- [           main] org.hibernate.dialect.Dialect            : HHH000400: Using dialect: org.hibernate.dialect.H2Dialect
2021-12-23 21:35:39.948  INFO 19668 --- [           main] o.h.e.t.j.p.i.JtaPlatformInitiator       : HHH000490: Using JtaPlatform implementation: [org.hibernate.engine.transaction.jta.platform.internal.NoJtaPlatform]
2021-12-23 21:35:39.949  INFO 19668 --- [           main] j.LocalContainerEntityManagerFactoryBean : Initialized JPA EntityManagerFactory for persistence unit 'default'
2021-12-23 21:35:40.029  WARN 19668 --- [           main] JpaBaseConfiguration$JpaWebConfiguration : spring.jpa.open-in-view is enabled by default. Therefore, database queries may be performed during view rendering. Explicitly configure spring.jpa.open-in-view to disable this warning
2021-12-23 21:35:40.230  INFO 19668 --- [           main] c.r.c.daounittests.ProductDaoTest        : Started ProductDaoTest in 0.563 seconds (JVM running for 13.974)
2021-12-23 21:35:40.238  INFO 19668 --- [           main] o.s.t.c.transaction.TransactionContext   : Began transaction (1) for test context [DefaultTestContext@305894b5 testClass = ProductDaoTest, testInstance = com.revature.caseclothes.daounittests.ProductDaoTest@b341907, testMethod = testInsertToCart@ProductDaoTest, testException = [null], mergedContextConfiguration = [WebMergedContextConfiguration@234b23d6 testClass = ProductDaoTest, locations = '{}', classes = '{class com.revature.caseclothes.CaseClothesApplication}', contextInitializerClasses = '[]', activeProfiles = '{}', propertySourceLocations = '{}', propertySourceProperties = '{org.springframework.boot.test.context.SpringBootTestContextBootstrapper=true}', contextCustomizers = set[org.springframework.boot.test.context.filter.ExcludeFilterContextCustomizer@5b000fe6, org.springframework.boot.test.json.DuplicateJsonObjectContextCustomizerFactory$DuplicateJsonObjectContextCustomizer@5a1f778, org.springframework.boot.test.mock.mockito.MockitoContextCustomizer@0, org.springframework.boot.test.web.client.TestRestTemplateContextCustomizer@61bb1e4d, org.springframework.boot.test.autoconfigure.actuate.metrics.MetricsExportContextCustomizerFactory$DisableMetricExportContextCustomizer@6f347d7, org.springframework.boot.test.autoconfigure.properties.PropertyMappingContextCustomizer@0, org.springframework.boot.test.autoconfigure.web.servlet.WebDriverContextCustomizerFactory$Customizer@64bebd55, org.springframework.boot.test.context.SpringBootTestArgs@1, org.springframework.boot.test.context.SpringBootTestWebEnvironment@ed3068a], resourceBasePath = 'src/main/webapp', contextLoader = 'org.springframework.boot.test.context.SpringBootContextLoader', parent = [null]], attributes = map['org.springframework.test.context.web.ServletTestExecutionListener.activateListener' -> true, 'org.springframework.test.context.web.ServletTestExecutionListener.populatedRequestContextHolder' -> true, 'org.springframework.test.context.web.ServletTestExecutionListener.resetRequestContextHolder' -> true, 'org.springframework.test.context.event.ApplicationEventsTestExecutionListener.recordApplicationEvents' -> false]]; transaction manager [org.springframework.orm.jpa.JpaTransactionManager@7593b309]; rollback [true]
2021-12-23 21:35:40.246  INFO 19668 --- [           main] o.s.t.c.transaction.TransactionContext   : Rolled back transaction for test: [DefaultTestContext@305894b5 testClass = ProductDaoTest, testInstance = com.revature.caseclothes.daounittests.ProductDaoTest@b341907, testMethod = testInsertToCart@ProductDaoTest, testException = [null], mergedContextConfiguration = [WebMergedContextConfiguration@234b23d6 testClass = ProductDaoTest, locations = '{}', classes = '{class com.revature.caseclothes.CaseClothesApplication}', contextInitializerClasses = '[]', activeProfiles = '{}', propertySourceLocations = '{}', propertySourceProperties = '{org.springframework.boot.test.context.SpringBootTestContextBootstrapper=true}', contextCustomizers = set[org.springframework.boot.test.context.filter.ExcludeFilterContextCustomizer@5b000fe6, org.springframework.boot.test.json.DuplicateJsonObjectContextCustomizerFactory$DuplicateJsonObjectContextCustomizer@5a1f778, org.springframework.boot.test.mock.mockito.MockitoContextCustomizer@0, org.springframework.boot.test.web.client.TestRestTemplateContextCustomizer@61bb1e4d, org.springframework.boot.test.autoconfigure.actuate.metrics.MetricsExportContextCustomizerFactory$DisableMetricExportContextCustomizer@6f347d7, org.springframework.boot.test.autoconfigure.properties.PropertyMappingContextCustomizer@0, org.springframework.boot.test.autoconfigure.web.servlet.WebDriverContextCustomizerFactory$Customizer@64bebd55, org.springframework.boot.test.context.SpringBootTestArgs@1, org.springframework.boot.test.context.SpringBootTestWebEnvironment@ed3068a], resourceBasePath = 'src/main/webapp', contextLoader = 'org.springframework.boot.test.context.SpringBootContextLoader', parent = [null]], attributes = map['org.springframework.test.context.web.ServletTestExecutionListener.activateListener' -> true, 'org.springframework.test.context.web.ServletTestExecutionListener.populatedRequestContextHolder' -> true, 'org.springframework.test.context.web.ServletTestExecutionListener.resetRequestContextHolder' -> true, 'org.springframework.test.context.event.ApplicationEventsTestExecutionListener.recordApplicationEvents' -> false]]
]]></system-out>
  </testcase>
  <testcase name="deleteProductById_positive" classname="com.revature.caseclothes.daounittests.ProductDaoTest" time="0.592">
    <system-out><![CDATA[2021-12-23 21:35:40.249  INFO 19668 --- [           main] j.LocalContainerEntityManagerFactoryBean : Closing JPA EntityManagerFactory for persistence unit 'default'
2021-12-23 21:35:40.250  INFO 19668 --- [           main] .SchemaDropperImpl$DelayedDropActionImpl : HHH000477: Starting delayed evictData of schema as part of SessionFactory shut-down'
2021-12-23 21:35:40.253  INFO 19668 --- [           main] com.zaxxer.hikari.HikariDataSource       : HikariPool-12 - Shutdown initiated...
2021-12-23 21:35:40.255  INFO 19668 --- [           main] com.zaxxer.hikari.HikariDataSource       : HikariPool-12 - Shutdown completed.

  .   ____          _            __ _ _
 /\\ / ___'_ __ _ _(_)_ __  __ _ \ \ \ \
( ( )\___ | '_ | '_| | '_ \/ _` | \ \ \ \
 \\/  ___)| |_)| | | | | || (_| |  ) ) ) )
  '  |____| .__|_| |_|_| |_\__, | / / / /
 =========|_|==============|___/=/_/_/_/
 :: Spring Boot ::                (v2.6.1)

2021-12-23 21:35:40.271  INFO 19668 --- [           main] c.r.c.daounittests.ProductDaoTest        : Starting ProductDaoTest using Java 1.8.0_301 on MSI-Jymm with PID 19668 (started by jymmm in D:\Curriculum-211018-Jymm\project-2-Team-Not-Found\case-clothes)
2021-12-23 21:35:40.271  INFO 19668 --- [           main] c.r.c.daounittests.ProductDaoTest        : No active profile set, falling back to default profiles: default
2021-12-23 21:35:40.370  INFO 19668 --- [           main] .s.d.r.c.RepositoryConfigurationDelegate : Bootstrapping Spring Data JPA repositories in DEFAULT mode.
2021-12-23 21:35:40.372  INFO 19668 --- [           main] .s.d.r.c.RepositoryConfigurationDelegate : Finished Spring Data repository scanning in 2 ms. Found 0 JPA repository interfaces.
2021-12-23 21:35:40.440  INFO 19668 --- [           main] com.zaxxer.hikari.HikariDataSource       : HikariPool-13 - Starting...
2021-12-23 21:35:40.440  INFO 19668 --- [           main] com.zaxxer.hikari.HikariDataSource       : HikariPool-13 - Start completed.
2021-12-23 21:35:40.449  INFO 19668 --- [           main] o.hibernate.jpa.internal.util.LogHelper  : HHH000204: Processing PersistenceUnitInfo [name: default]
2021-12-23 21:35:40.452  INFO 19668 --- [           main] org.hibernate.dialect.Dialect            : HHH000400: Using dialect: org.hibernate.dialect.H2Dialect
2021-12-23 21:35:40.511  INFO 19668 --- [           main] o.h.e.t.j.p.i.JtaPlatformInitiator       : HHH000490: Using JtaPlatform implementation: [org.hibernate.engine.transaction.jta.platform.internal.NoJtaPlatform]
2021-12-23 21:35:40.511  INFO 19668 --- [           main] j.LocalContainerEntityManagerFactoryBean : Initialized JPA EntityManagerFactory for persistence unit 'default'
2021-12-23 21:35:40.580  WARN 19668 --- [           main] JpaBaseConfiguration$JpaWebConfiguration : spring.jpa.open-in-view is enabled by default. Therefore, database queries may be performed during view rendering. Explicitly configure spring.jpa.open-in-view to disable this warning
2021-12-23 21:35:40.752  INFO 19668 --- [           main] c.r.c.daounittests.ProductDaoTest        : Started ProductDaoTest in 0.495 seconds (JVM running for 14.495)
2021-12-23 21:35:40.758  INFO 19668 --- [           main] o.s.t.c.transaction.TransactionContext   : Began transaction (1) for test context [DefaultTestContext@305894b5 testClass = ProductDaoTest, testInstance = com.revature.caseclothes.daounittests.ProductDaoTest@54d6ab7c, testMethod = deleteProductById_positive@ProductDaoTest, testException = [null], mergedContextConfiguration = [WebMergedContextConfiguration@234b23d6 testClass = ProductDaoTest, locations = '{}', classes = '{class com.revature.caseclothes.CaseClothesApplication}', contextInitializerClasses = '[]', activeProfiles = '{}', propertySourceLocations = '{}', propertySourceProperties = '{org.springframework.boot.test.context.SpringBootTestContextBootstrapper=true}', contextCustomizers = set[org.springframework.boot.test.context.filter.ExcludeFilterContextCustomizer@5b000fe6, org.springframework.boot.test.json.DuplicateJsonObjectContextCustomizerFactory$DuplicateJsonObjectContextCustomizer@5a1f778, org.springframework.boot.test.mock.mockito.MockitoContextCustomizer@0, org.springframework.boot.test.web.client.TestRestTemplateContextCustomizer@61bb1e4d, org.springframework.boot.test.autoconfigure.actuate.metrics.MetricsExportContextCustomizerFactory$DisableMetricExportContextCustomizer@6f347d7, org.springframework.boot.test.autoconfigure.properties.PropertyMappingContextCustomizer@0, org.springframework.boot.test.autoconfigure.web.servlet.WebDriverContextCustomizerFactory$Customizer@64bebd55, org.springframework.boot.test.context.SpringBootTestArgs@1, org.springframework.boot.test.context.SpringBootTestWebEnvironment@ed3068a], resourceBasePath = 'src/main/webapp', contextLoader = 'org.springframework.boot.test.context.SpringBootContextLoader', parent = [null]], attributes = map['org.springframework.test.context.web.ServletTestExecutionListener.activateListener' -> true, 'org.springframework.test.context.web.ServletTestExecutionListener.populatedRequestContextHolder' -> true, 'org.springframework.test.context.web.ServletTestExecutionListener.resetRequestContextHolder' -> true, 'org.springframework.test.context.event.ApplicationEventsTestExecutionListener.recordApplicationEvents' -> false]]; transaction manager [org.springframework.orm.jpa.JpaTransactionManager@5a46ed84]; rollback [true]
2021-12-23 21:35:40.839  INFO 19668 --- [           main] o.s.t.c.transaction.TransactionContext   : Rolled back transaction for test: [DefaultTestContext@305894b5 testClass = ProductDaoTest, testInstance = com.revature.caseclothes.daounittests.ProductDaoTest@54d6ab7c, testMethod = deleteProductById_positive@ProductDaoTest, testException = [null], mergedContextConfiguration = [WebMergedContextConfiguration@234b23d6 testClass = ProductDaoTest, locations = '{}', classes = '{class com.revature.caseclothes.CaseClothesApplication}', contextInitializerClasses = '[]', activeProfiles = '{}', propertySourceLocations = '{}', propertySourceProperties = '{org.springframework.boot.test.context.SpringBootTestContextBootstrapper=true}', contextCustomizers = set[org.springframework.boot.test.context.filter.ExcludeFilterContextCustomizer@5b000fe6, org.springframework.boot.test.json.DuplicateJsonObjectContextCustomizerFactory$DuplicateJsonObjectContextCustomizer@5a1f778, org.springframework.boot.test.mock.mockito.MockitoContextCustomizer@0, org.springframework.boot.test.web.client.TestRestTemplateContextCustomizer@61bb1e4d, org.springframework.boot.test.autoconfigure.actuate.metrics.MetricsExportContextCustomizerFactory$DisableMetricExportContextCustomizer@6f347d7, org.springframework.boot.test.autoconfigure.properties.PropertyMappingContextCustomizer@0, org.springframework.boot.test.autoconfigure.web.servlet.WebDriverContextCustomizerFactory$Customizer@64bebd55, org.springframework.boot.test.context.SpringBootTestArgs@1, org.springframework.boot.test.context.SpringBootTestWebEnvironment@ed3068a], resourceBasePath = 'src/main/webapp', contextLoader = 'org.springframework.boot.test.context.SpringBootContextLoader', parent = [null]], attributes = map['org.springframework.test.context.web.ServletTestExecutionListener.activateListener' -> true, 'org.springframework.test.context.web.ServletTestExecutionListener.populatedRequestContextHolder' -> true, 'org.springframework.test.context.web.ServletTestExecutionListener.resetRequestContextHolder' -> true, 'org.springframework.test.context.event.ApplicationEventsTestExecutionListener.recordApplicationEvents' -> false]]
]]></system-out>
  </testcase>
</testsuite>