<?xml version="1.0" encoding="UTF-8"?>
<testsuite xmlns:xsi="http://www.w3.org/2001/XMLSchema-instance" xsi:noNamespaceSchemaLocation="https://maven.apache.org/surefire/maven-surefire-plugin/xsd/surefire-test-report-3.0.xsd" version="3.0" name="com.revature.caseclothes.serviceunittest.ProductServiceTest" time="5.358" tests="10" errors="0" skipped="0" failures="0">
  <properties>
[...]
</properties>
  <testcase name="addNewProduct_PriceIsEmptyField_NegativeTest" classname="com.revature.caseclothes.serviceunittest.ProductServiceTest" time="0.473">
    <system-out><![CDATA[2021-12-23 16:28:17.241  INFO 9464 --- [           main] .b.t.c.SpringBootTestContextBootstrapper : Neither @ContextConfiguration nor @ContextHierarchy found for test class [com.revature.caseclothes.serviceunittest.ProductServiceTest], using SpringBootContextLoader
2021-12-23 16:28:17.241  INFO 9464 --- [           main] o.s.t.c.support.AbstractContextLoader    : Could not detect default resource locations for test class [com.revature.caseclothes.serviceunittest.ProductServiceTest]: no resource found for suffixes {-context.xml, Context.groovy}.
2021-12-23 16:28:17.241  INFO 9464 --- [           main] t.c.s.AnnotationConfigContextLoaderUtils : Could not detect default configuration classes for test class [com.revature.caseclothes.serviceunittest.ProductServiceTest]: ProductServiceTest does not declare any static, non-private, non-final, nested classes annotated with @Configuration.
2021-12-23 16:28:17.247  INFO 9464 --- [           main] .b.t.c.SpringBootTestContextBootstrapper : Found @SpringBootConfiguration com.revature.caseclothes.CaseClothesApplication for test class com.revature.caseclothes.serviceunittest.ProductServiceTest
2021-12-23 16:28:17.250  INFO 9464 --- [           main] .b.t.c.SpringBootTestContextBootstrapper : Loaded default TestExecutionListener class names from location [META-INF/spring.factories]: [org.springframework.boot.test.mock.mockito.MockitoTestExecutionListener, org.springframework.boot.test.mock.mockito.ResetMocksTestExecutionListener, org.springframework.boot.test.autoconfigure.restdocs.RestDocsTestExecutionListener, org.springframework.boot.test.autoconfigure.web.client.MockRestServiceServerResetTestExecutionListener, org.springframework.boot.test.autoconfigure.web.servlet.MockMvcPrintOnlyOnFailureTestExecutionListener, org.springframework.boot.test.autoconfigure.web.servlet.WebDriverTestExecutionListener, org.springframework.boot.test.autoconfigure.webservices.client.MockWebServiceServerTestExecutionListener, org.springframework.test.context.web.ServletTestExecutionListener, org.springframework.test.context.support.DirtiesContextBeforeModesTestExecutionListener, org.springframework.test.context.event.ApplicationEventsTestExecutionListener, org.springframework.test.context.support.DependencyInjectionTestExecutionListener, org.springframework.test.context.support.DirtiesContextTestExecutionListener, org.springframework.test.context.transaction.TransactionalTestExecutionListener, org.springframework.test.context.jdbc.SqlScriptsTestExecutionListener, org.springframework.test.context.event.EventPublishingTestExecutionListener]
2021-12-23 16:28:17.250  INFO 9464 --- [           main] .b.t.c.SpringBootTestContextBootstrapper : Using TestExecutionListeners: [org.springframework.test.context.web.ServletTestExecutionListener@477f9740, org.springframework.test.context.support.DirtiesContextBeforeModesTestExecutionListener@4391a43d, org.springframework.test.context.event.ApplicationEventsTestExecutionListener@3f9a0423, org.springframework.boot.test.mock.mockito.MockitoTestExecutionListener@6a18c344, org.springframework.boot.test.autoconfigure.SpringBootDependencyInjectionTestExecutionListener@51668cd0, org.springframework.test.context.support.DirtiesContextTestExecutionListener@1f987a8d, org.springframework.test.context.transaction.TransactionalTestExecutionListener@704cde41, org.springframework.test.context.jdbc.SqlScriptsTestExecutionListener@5c6231ef, org.springframework.test.context.event.EventPublishingTestExecutionListener@390736bf, org.springframework.boot.test.mock.mockito.ResetMocksTestExecutionListener@65976f00, org.springframework.boot.test.autoconfigure.restdocs.RestDocsTestExecutionListener@733f1b25, org.springframework.boot.test.autoconfigure.web.client.MockRestServiceServerResetTestExecutionListener@3e9fa1e4, org.springframework.boot.test.autoconfigure.web.servlet.MockMvcPrintOnlyOnFailureTestExecutionListener@3e2dca46, org.springframework.boot.test.autoconfigure.web.servlet.WebDriverTestExecutionListener@609c5dec, org.springframework.boot.test.autoconfigure.webservices.client.MockWebServiceServerTestExecutionListener@6b7194e9]

  .   ____          _            __ _ _
 /\\ / ___'_ __ _ _(_)_ __  __ _ \ \ \ \
( ( )\___ | '_ | '_| | '_ \/ _` | \ \ \ \
 \\/  ___)| |_)| | | | | || (_| |  ) ) ) )
  '  |____| .__|_| |_|_| |_\__, | / / / /
 =========|_|==============|___/=/_/_/_/
 :: Spring Boot ::                (v2.6.1)

2021-12-23 16:28:17.264  INFO 9464 --- [           main] c.r.c.s.ProductServiceTest               : Starting ProductServiceTest using Java 1.8.0_301 on MSI-Jymm with PID 9464 (started by jymmm in D:\Curriculum-211018-Jymm\project-2-Team-Not-Found\case-clothes)
2021-12-23 16:28:17.264  INFO 9464 --- [           main] c.r.c.s.ProductServiceTest               : The following profiles are active: ProductService-test
2021-12-23 16:28:17.356  INFO 9464 --- [           main] .s.d.r.c.RepositoryConfigurationDelegate : Bootstrapping Spring Data JPA repositories in DEFAULT mode.
2021-12-23 16:28:17.358  INFO 9464 --- [           main] .s.d.r.c.RepositoryConfigurationDelegate : Finished Spring Data repository scanning in 1 ms. Found 0 JPA repository interfaces.
2021-12-23 16:28:17.429  INFO 9464 --- [           main] com.zaxxer.hikari.HikariDataSource       : HikariPool-24 - Starting...
2021-12-23 16:28:17.429  INFO 9464 --- [           main] com.zaxxer.hikari.HikariDataSource       : HikariPool-24 - Start completed.
2021-12-23 16:28:17.437  INFO 9464 --- [           main] o.hibernate.jpa.internal.util.LogHelper  : HHH000204: Processing PersistenceUnitInfo [name: default]
2021-12-23 16:28:17.441  INFO 9464 --- [           main] org.hibernate.dialect.Dialect            : HHH000400: Using dialect: org.hibernate.dialect.H2Dialect
2021-12-23 16:28:17.499  INFO 9464 --- [           main] o.h.e.t.j.p.i.JtaPlatformInitiator       : HHH000490: Using JtaPlatform implementation: [org.hibernate.engine.transaction.jta.platform.internal.NoJtaPlatform]
2021-12-23 16:28:17.499  INFO 9464 --- [           main] j.LocalContainerEntityManagerFactoryBean : Initialized JPA EntityManagerFactory for persistence unit 'default'
2021-12-23 16:28:17.619  WARN 9464 --- [           main] JpaBaseConfiguration$JpaWebConfiguration : spring.jpa.open-in-view is enabled by default. Therefore, database queries may be performed during view rendering. Explicitly configure spring.jpa.open-in-view to disable this warning
2021-12-23 16:28:17.804  INFO 9464 --- [           main] c.r.c.s.ProductServiceTest               : Started ProductServiceTest in 0.549 seconds (JVM running for 26.827)
2021-12-23 16:28:17.810  INFO 9464 --- [           main] j.LocalContainerEntityManagerFactoryBean : Closing JPA EntityManagerFactory for persistence unit 'default'
2021-12-23 16:28:17.810  INFO 9464 --- [           main] .SchemaDropperImpl$DelayedDropActionImpl : HHH000477: Starting delayed evictData of schema as part of SessionFactory shut-down'
2021-12-23 16:28:17.811  INFO 9464 --- [           main] com.zaxxer.hikari.HikariDataSource       : HikariPool-24 - Shutdown initiated...
2021-12-23 16:28:17.812  INFO 9464 --- [           main] com.zaxxer.hikari.HikariDataSource       : HikariPool-24 - Shutdown completed.

  .   ____          _            __ _ _
 /\\ / ___'_ __ _ _(_)_ __  __ _ \ \ \ \
( ( )\___ | '_ | '_| | '_ \/ _` | \ \ \ \
 \\/  ___)| |_)| | | | | || (_| |  ) ) ) )
  '  |____| .__|_| |_|_| |_\__, | / / / /
 =========|_|==============|___/=/_/_/_/
 :: Spring Boot ::                (v2.6.1)

2021-12-23 16:28:17.829  INFO 9464 --- [           main] c.r.c.s.ProductServiceTest               : Starting ProductServiceTest using Java 1.8.0_301 on MSI-Jymm with PID 9464 (started by jymmm in D:\Curriculum-211018-Jymm\project-2-Team-Not-Found\case-clothes)
2021-12-23 16:28:17.829  INFO 9464 --- [           main] c.r.c.s.ProductServiceTest               : The following profiles are active: ProductService-test
2021-12-23 16:28:17.915  INFO 9464 --- [           main] .s.d.r.c.RepositoryConfigurationDelegate : Bootstrapping Spring Data JPA repositories in DEFAULT mode.
2021-12-23 16:28:17.917  INFO 9464 --- [           main] .s.d.r.c.RepositoryConfigurationDelegate : Finished Spring Data repository scanning in 1 ms. Found 0 JPA repository interfaces.
2021-12-23 16:28:17.982  INFO 9464 --- [           main] com.zaxxer.hikari.HikariDataSource       : HikariPool-25 - Starting...
2021-12-23 16:28:17.982  INFO 9464 --- [           main] com.zaxxer.hikari.HikariDataSource       : HikariPool-25 - Start completed.
2021-12-23 16:28:17.989  INFO 9464 --- [           main] o.hibernate.jpa.internal.util.LogHelper  : HHH000204: Processing PersistenceUnitInfo [name: default]
2021-12-23 16:28:17.991  INFO 9464 --- [           main] org.hibernate.dialect.Dialect            : HHH000400: Using dialect: org.hibernate.dialect.H2Dialect
2021-12-23 16:28:18.036  INFO 9464 --- [           main] o.h.e.t.j.p.i.JtaPlatformInitiator       : HHH000490: Using JtaPlatform implementation: [org.hibernate.engine.transaction.jta.platform.internal.NoJtaPlatform]
2021-12-23 16:28:18.036  INFO 9464 --- [           main] j.LocalContainerEntityManagerFactoryBean : Initialized JPA EntityManagerFactory for persistence unit 'default'
2021-12-23 16:28:18.106  WARN 9464 --- [           main] JpaBaseConfiguration$JpaWebConfiguration : spring.jpa.open-in-view is enabled by default. Therefore, database queries may be performed during view rendering. Explicitly configure spring.jpa.open-in-view to disable this warning
2021-12-23 16:28:18.275  INFO 9464 --- [           main] c.r.c.s.ProductServiceTest               : Started ProductServiceTest in 0.46 seconds (JVM running for 27.301)
]]></system-out>
  </testcase>
  <testcase name="getAllProducts_PositiveTest" classname="com.revature.caseclothes.serviceunittest.ProductServiceTest" time="0.499">
    <system-out><![CDATA[2021-12-23 16:28:18.285  INFO 9464 --- [           main] j.LocalContainerEntityManagerFactoryBean : Closing JPA EntityManagerFactory for persistence unit 'default'
2021-12-23 16:28:18.286  INFO 9464 --- [           main] .SchemaDropperImpl$DelayedDropActionImpl : HHH000477: Starting delayed evictData of schema as part of SessionFactory shut-down'
2021-12-23 16:28:18.290  INFO 9464 --- [           main] com.zaxxer.hikari.HikariDataSource       : HikariPool-25 - Shutdown initiated...
2021-12-23 16:28:18.292  INFO 9464 --- [           main] com.zaxxer.hikari.HikariDataSource       : HikariPool-25 - Shutdown completed.

  .   ____          _            __ _ _
 /\\ / ___'_ __ _ _(_)_ __  __ _ \ \ \ \
( ( )\___ | '_ | '_| | '_ \/ _` | \ \ \ \
 \\/  ___)| |_)| | | | | || (_| |  ) ) ) )
  '  |____| .__|_| |_|_| |_\__, | / / / /
 =========|_|==============|___/=/_/_/_/
 :: Spring Boot ::                (v2.6.1)

2021-12-23 16:28:18.306  INFO 9464 --- [           main] c.r.c.s.ProductServiceTest               : Starting ProductServiceTest using Java 1.8.0_301 on MSI-Jymm with PID 9464 (started by jymmm in D:\Curriculum-211018-Jymm\project-2-Team-Not-Found\case-clothes)
2021-12-23 16:28:18.306  INFO 9464 --- [           main] c.r.c.s.ProductServiceTest               : The following profiles are active: ProductService-test
2021-12-23 16:28:18.397  INFO 9464 --- [           main] .s.d.r.c.RepositoryConfigurationDelegate : Bootstrapping Spring Data JPA repositories in DEFAULT mode.
2021-12-23 16:28:18.399  INFO 9464 --- [           main] .s.d.r.c.RepositoryConfigurationDelegate : Finished Spring Data repository scanning in 1 ms. Found 0 JPA repository interfaces.
2021-12-23 16:28:18.460  INFO 9464 --- [           main] com.zaxxer.hikari.HikariDataSource       : HikariPool-26 - Starting...
2021-12-23 16:28:18.460  INFO 9464 --- [           main] com.zaxxer.hikari.HikariDataSource       : HikariPool-26 - Start completed.
2021-12-23 16:28:18.467  INFO 9464 --- [           main] o.hibernate.jpa.internal.util.LogHelper  : HHH000204: Processing PersistenceUnitInfo [name: default]
2021-12-23 16:28:18.470  INFO 9464 --- [           main] org.hibernate.dialect.Dialect            : HHH000400: Using dialect: org.hibernate.dialect.H2Dialect
2021-12-23 16:28:18.515  INFO 9464 --- [           main] o.h.e.t.j.p.i.JtaPlatformInitiator       : HHH000490: Using JtaPlatform implementation: [org.hibernate.engine.transaction.jta.platform.internal.NoJtaPlatform]
2021-12-23 16:28:18.515  INFO 9464 --- [           main] j.LocalContainerEntityManagerFactoryBean : Initialized JPA EntityManagerFactory for persistence unit 'default'
2021-12-23 16:28:18.602  WARN 9464 --- [           main] JpaBaseConfiguration$JpaWebConfiguration : spring.jpa.open-in-view is enabled by default. Therefore, database queries may be performed during view rendering. Explicitly configure spring.jpa.open-in-view to disable this warning
2021-12-23 16:28:18.766  INFO 9464 --- [           main] c.r.c.s.ProductServiceTest               : Started ProductServiceTest in 0.472 seconds (JVM running for 27.792)
]]></system-out>
  </testcase>
  <testcase name="addNewProduct_NoNameInputAllFieldsValid_NegativeTest" classname="com.revature.caseclothes.serviceunittest.ProductServiceTest" time="0.515">
    <system-out><![CDATA[2021-12-23 16:28:18.785  INFO 9464 --- [           main] j.LocalContainerEntityManagerFactoryBean : Closing JPA EntityManagerFactory for persistence unit 'default'
2021-12-23 16:28:18.785  INFO 9464 --- [           main] .SchemaDropperImpl$DelayedDropActionImpl : HHH000477: Starting delayed evictData of schema as part of SessionFactory shut-down'
2021-12-23 16:28:18.786  INFO 9464 --- [           main] com.zaxxer.hikari.HikariDataSource       : HikariPool-26 - Shutdown initiated...
2021-12-23 16:28:18.787  INFO 9464 --- [           main] com.zaxxer.hikari.HikariDataSource       : HikariPool-26 - Shutdown completed.

  .   ____          _            __ _ _
 /\\ / ___'_ __ _ _(_)_ __  __ _ \ \ \ \
( ( )\___ | '_ | '_| | '_ \/ _` | \ \ \ \
 \\/  ___)| |_)| | | | | || (_| |  ) ) ) )
  '  |____| .__|_| |_|_| |_\__, | / / / /
 =========|_|==============|___/=/_/_/_/
 :: Spring Boot ::                (v2.6.1)

2021-12-23 16:28:18.805  INFO 9464 --- [           main] c.r.c.s.ProductServiceTest               : Starting ProductServiceTest using Java 1.8.0_301 on MSI-Jymm with PID 9464 (started by jymmm in D:\Curriculum-211018-Jymm\project-2-Team-Not-Found\case-clothes)
2021-12-23 16:28:18.805  INFO 9464 --- [           main] c.r.c.s.ProductServiceTest               : The following profiles are active: ProductService-test
2021-12-23 16:28:18.917  INFO 9464 --- [           main] .s.d.r.c.RepositoryConfigurationDelegate : Bootstrapping Spring Data JPA repositories in DEFAULT mode.
2021-12-23 16:28:18.919  INFO 9464 --- [           main] .s.d.r.c.RepositoryConfigurationDelegate : Finished Spring Data repository scanning in 1 ms. Found 0 JPA repository interfaces.
2021-12-23 16:28:18.985  INFO 9464 --- [           main] com.zaxxer.hikari.HikariDataSource       : HikariPool-27 - Starting...
2021-12-23 16:28:18.986  INFO 9464 --- [           main] com.zaxxer.hikari.HikariDataSource       : HikariPool-27 - Start completed.
2021-12-23 16:28:18.994  INFO 9464 --- [           main] o.hibernate.jpa.internal.util.LogHelper  : HHH000204: Processing PersistenceUnitInfo [name: default]
2021-12-23 16:28:18.997  INFO 9464 --- [           main] org.hibernate.dialect.Dialect            : HHH000400: Using dialect: org.hibernate.dialect.H2Dialect
2021-12-23 16:28:19.043  INFO 9464 --- [           main] o.h.e.t.j.p.i.JtaPlatformInitiator       : HHH000490: Using JtaPlatform implementation: [org.hibernate.engine.transaction.jta.platform.internal.NoJtaPlatform]
2021-12-23 16:28:19.043  INFO 9464 --- [           main] j.LocalContainerEntityManagerFactoryBean : Initialized JPA EntityManagerFactory for persistence unit 'default'
2021-12-23 16:28:19.114  WARN 9464 --- [           main] JpaBaseConfiguration$JpaWebConfiguration : spring.jpa.open-in-view is enabled by default. Therefore, database queries may be performed during view rendering. Explicitly configure spring.jpa.open-in-view to disable this warning
2021-12-23 16:28:19.296  INFO 9464 --- [           main] c.r.c.s.ProductServiceTest               : Started ProductServiceTest in 0.506 seconds (JVM running for 28.322)
]]></system-out>
  </testcase>
  <testcase name="getAllProductThatContains_PositiveTest" classname="com.revature.caseclothes.serviceunittest.ProductServiceTest" time="0.48">
    <system-out><![CDATA[2021-12-23 16:28:19.300  INFO 9464 --- [           main] j.LocalContainerEntityManagerFactoryBean : Closing JPA EntityManagerFactory for persistence unit 'default'
2021-12-23 16:28:19.300  INFO 9464 --- [           main] .SchemaDropperImpl$DelayedDropActionImpl : HHH000477: Starting delayed evictData of schema as part of SessionFactory shut-down'
2021-12-23 16:28:19.302  INFO 9464 --- [           main] com.zaxxer.hikari.HikariDataSource       : HikariPool-27 - Shutdown initiated...
2021-12-23 16:28:19.302  INFO 9464 --- [           main] com.zaxxer.hikari.HikariDataSource       : HikariPool-27 - Shutdown completed.

  .   ____          _            __ _ _
 /\\ / ___'_ __ _ _(_)_ __  __ _ \ \ \ \
( ( )\___ | '_ | '_| | '_ \/ _` | \ \ \ \
 \\/  ___)| |_)| | | | | || (_| |  ) ) ) )
  '  |____| .__|_| |_|_| |_\__, | / / / /
 =========|_|==============|___/=/_/_/_/
 :: Spring Boot ::                (v2.6.1)

2021-12-23 16:28:19.317  INFO 9464 --- [           main] c.r.c.s.ProductServiceTest               : Starting ProductServiceTest using Java 1.8.0_301 on MSI-Jymm with PID 9464 (started by jymmm in D:\Curriculum-211018-Jymm\project-2-Team-Not-Found\case-clothes)
2021-12-23 16:28:19.317  INFO 9464 --- [           main] c.r.c.s.ProductServiceTest               : The following profiles are active: ProductService-test
2021-12-23 16:28:19.413  INFO 9464 --- [           main] .s.d.r.c.RepositoryConfigurationDelegate : Bootstrapping Spring Data JPA repositories in DEFAULT mode.
2021-12-23 16:28:19.418  INFO 9464 --- [           main] .s.d.r.c.RepositoryConfigurationDelegate : Finished Spring Data repository scanning in 3 ms. Found 0 JPA repository interfaces.
2021-12-23 16:28:19.482  INFO 9464 --- [           main] com.zaxxer.hikari.HikariDataSource       : HikariPool-28 - Starting...
2021-12-23 16:28:19.482  INFO 9464 --- [           main] com.zaxxer.hikari.HikariDataSource       : HikariPool-28 - Start completed.
2021-12-23 16:28:19.491  INFO 9464 --- [           main] o.hibernate.jpa.internal.util.LogHelper  : HHH000204: Processing PersistenceUnitInfo [name: default]
2021-12-23 16:28:19.496  INFO 9464 --- [           main] org.hibernate.dialect.Dialect            : HHH000400: Using dialect: org.hibernate.dialect.H2Dialect
2021-12-23 16:28:19.537  INFO 9464 --- [           main] o.h.e.t.j.p.i.JtaPlatformInitiator       : HHH000490: Using JtaPlatform implementation: [org.hibernate.engine.transaction.jta.platform.internal.NoJtaPlatform]
2021-12-23 16:28:19.537  INFO 9464 --- [           main] j.LocalContainerEntityManagerFactoryBean : Initialized JPA EntityManagerFactory for persistence unit 'default'
2021-12-23 16:28:19.606  WARN 9464 --- [           main] JpaBaseConfiguration$JpaWebConfiguration : spring.jpa.open-in-view is enabled by default. Therefore, database queries may be performed during view rendering. Explicitly configure spring.jpa.open-in-view to disable this warning
2021-12-23 16:28:19.775  INFO 9464 --- [           main] c.r.c.s.ProductServiceTest               : Started ProductServiceTest in 0.471 seconds (JVM running for 28.801)
]]></system-out>
  </testcase>
  <testcase name="getProductById_Negative" classname="com.revature.caseclothes.serviceunittest.ProductServiceTest" time="0.455">
    <system-out><![CDATA[2021-12-23 16:28:19.781  INFO 9464 --- [           main] j.LocalContainerEntityManagerFactoryBean : Closing JPA EntityManagerFactory for persistence unit 'default'
2021-12-23 16:28:19.781  INFO 9464 --- [           main] .SchemaDropperImpl$DelayedDropActionImpl : HHH000477: Starting delayed evictData of schema as part of SessionFactory shut-down'
2021-12-23 16:28:19.782  INFO 9464 --- [           main] com.zaxxer.hikari.HikariDataSource       : HikariPool-28 - Shutdown initiated...
2021-12-23 16:28:19.783  INFO 9464 --- [           main] com.zaxxer.hikari.HikariDataSource       : HikariPool-28 - Shutdown completed.

  .   ____          _            __ _ _
 /\\ / ___'_ __ _ _(_)_ __  __ _ \ \ \ \
( ( )\___ | '_ | '_| | '_ \/ _` | \ \ \ \
 \\/  ___)| |_)| | | | | || (_| |  ) ) ) )
  '  |____| .__|_| |_|_| |_\__, | / / / /
 =========|_|==============|___/=/_/_/_/
 :: Spring Boot ::                (v2.6.1)

2021-12-23 16:28:19.797  INFO 9464 --- [           main] c.r.c.s.ProductServiceTest               : Starting ProductServiceTest using Java 1.8.0_301 on MSI-Jymm with PID 9464 (started by jymmm in D:\Curriculum-211018-Jymm\project-2-Team-Not-Found\case-clothes)
2021-12-23 16:28:19.798  INFO 9464 --- [           main] c.r.c.s.ProductServiceTest               : The following profiles are active: ProductService-test
2021-12-23 16:28:19.896  INFO 9464 --- [           main] .s.d.r.c.RepositoryConfigurationDelegate : Bootstrapping Spring Data JPA repositories in DEFAULT mode.
2021-12-23 16:28:19.898  INFO 9464 --- [           main] .s.d.r.c.RepositoryConfigurationDelegate : Finished Spring Data repository scanning in 1 ms. Found 0 JPA repository interfaces.
2021-12-23 16:28:19.953  INFO 9464 --- [           main] com.zaxxer.hikari.HikariDataSource       : HikariPool-29 - Starting...
2021-12-23 16:28:19.954  INFO 9464 --- [           main] com.zaxxer.hikari.HikariDataSource       : HikariPool-29 - Start completed.
2021-12-23 16:28:19.961  INFO 9464 --- [           main] o.hibernate.jpa.internal.util.LogHelper  : HHH000204: Processing PersistenceUnitInfo [name: default]
2021-12-23 16:28:19.963  INFO 9464 --- [           main] org.hibernate.dialect.Dialect            : HHH000400: Using dialect: org.hibernate.dialect.H2Dialect
2021-12-23 16:28:20.005  INFO 9464 --- [           main] o.h.e.t.j.p.i.JtaPlatformInitiator       : HHH000490: Using JtaPlatform implementation: [org.hibernate.engine.transaction.jta.platform.internal.NoJtaPlatform]
2021-12-23 16:28:20.006  INFO 9464 --- [           main] j.LocalContainerEntityManagerFactoryBean : Initialized JPA EntityManagerFactory for persistence unit 'default'
2021-12-23 16:28:20.067  WARN 9464 --- [           main] JpaBaseConfiguration$JpaWebConfiguration : spring.jpa.open-in-view is enabled by default. Therefore, database queries may be performed during view rendering. Explicitly configure spring.jpa.open-in-view to disable this warning
2021-12-23 16:28:20.231  INFO 9464 --- [           main] c.r.c.s.ProductServiceTest               : Started ProductServiceTest in 0.445 seconds (JVM running for 29.256)
]]></system-out>
  </testcase>
  <testcase name="addNewProduct_PositiveTest" classname="com.revature.caseclothes.serviceunittest.ProductServiceTest" time="0.457">
    <system-out><![CDATA[2021-12-23 16:28:20.236  INFO 9464 --- [           main] j.LocalContainerEntityManagerFactoryBean : Closing JPA EntityManagerFactory for persistence unit 'default'
2021-12-23 16:28:20.236  INFO 9464 --- [           main] .SchemaDropperImpl$DelayedDropActionImpl : HHH000477: Starting delayed evictData of schema as part of SessionFactory shut-down'
2021-12-23 16:28:20.238  INFO 9464 --- [           main] com.zaxxer.hikari.HikariDataSource       : HikariPool-29 - Shutdown initiated...
2021-12-23 16:28:20.239  INFO 9464 --- [           main] com.zaxxer.hikari.HikariDataSource       : HikariPool-29 - Shutdown completed.

  .   ____          _            __ _ _
 /\\ / ___'_ __ _ _(_)_ __  __ _ \ \ \ \
( ( )\___ | '_ | '_| | '_ \/ _` | \ \ \ \
 \\/  ___)| |_)| | | | | || (_| |  ) ) ) )
  '  |____| .__|_| |_|_| |_\__, | / / / /
 =========|_|==============|___/=/_/_/_/
 :: Spring Boot ::                (v2.6.1)

2021-12-23 16:28:20.255  INFO 9464 --- [           main] c.r.c.s.ProductServiceTest               : Starting ProductServiceTest using Java 1.8.0_301 on MSI-Jymm with PID 9464 (started by jymmm in D:\Curriculum-211018-Jymm\project-2-Team-Not-Found\case-clothes)
2021-12-23 16:28:20.255  INFO 9464 --- [           main] c.r.c.s.ProductServiceTest               : The following profiles are active: ProductService-test
2021-12-23 16:28:20.339  INFO 9464 --- [           main] .s.d.r.c.RepositoryConfigurationDelegate : Bootstrapping Spring Data JPA repositories in DEFAULT mode.
2021-12-23 16:28:20.341  INFO 9464 --- [           main] .s.d.r.c.RepositoryConfigurationDelegate : Finished Spring Data repository scanning in 1 ms. Found 0 JPA repository interfaces.
2021-12-23 16:28:20.396  INFO 9464 --- [           main] com.zaxxer.hikari.HikariDataSource       : HikariPool-30 - Starting...
2021-12-23 16:28:20.396  INFO 9464 --- [           main] com.zaxxer.hikari.HikariDataSource       : HikariPool-30 - Start completed.
2021-12-23 16:28:20.403  INFO 9464 --- [           main] o.hibernate.jpa.internal.util.LogHelper  : HHH000204: Processing PersistenceUnitInfo [name: default]
2021-12-23 16:28:20.406  INFO 9464 --- [           main] org.hibernate.dialect.Dialect            : HHH000400: Using dialect: org.hibernate.dialect.H2Dialect
2021-12-23 16:28:20.447  INFO 9464 --- [           main] o.h.e.t.j.p.i.JtaPlatformInitiator       : HHH000490: Using JtaPlatform implementation: [org.hibernate.engine.transaction.jta.platform.internal.NoJtaPlatform]
2021-12-23 16:28:20.448  INFO 9464 --- [           main] j.LocalContainerEntityManagerFactoryBean : Initialized JPA EntityManagerFactory for persistence unit 'default'
2021-12-23 16:28:20.511  WARN 9464 --- [           main] JpaBaseConfiguration$JpaWebConfiguration : spring.jpa.open-in-view is enabled by default. Therefore, database queries may be performed during view rendering. Explicitly configure spring.jpa.open-in-view to disable this warning
2021-12-23 16:28:20.689  INFO 9464 --- [           main] c.r.c.s.ProductServiceTest               : Started ProductServiceTest in 0.449 seconds (JVM running for 29.715)
]]></system-out>
  </testcase>
  <testcase name="getProductById_PositiveTest" classname="com.revature.caseclothes.serviceunittest.ProductServiceTest" time="0.497">
    <system-out><![CDATA[2021-12-23 16:28:20.695  INFO 9464 --- [           main] j.LocalContainerEntityManagerFactoryBean : Closing JPA EntityManagerFactory for persistence unit 'default'
2021-12-23 16:28:20.695  INFO 9464 --- [           main] .SchemaDropperImpl$DelayedDropActionImpl : HHH000477: Starting delayed evictData of schema as part of SessionFactory shut-down'
2021-12-23 16:28:20.696  INFO 9464 --- [           main] com.zaxxer.hikari.HikariDataSource       : HikariPool-30 - Shutdown initiated...
2021-12-23 16:28:20.697  INFO 9464 --- [           main] com.zaxxer.hikari.HikariDataSource       : HikariPool-30 - Shutdown completed.

  .   ____          _            __ _ _
 /\\ / ___'_ __ _ _(_)_ __  __ _ \ \ \ \
( ( )\___ | '_ | '_| | '_ \/ _` | \ \ \ \
 \\/  ___)| |_)| | | | | || (_| |  ) ) ) )
  '  |____| .__|_| |_|_| |_\__, | / / / /
 =========|_|==============|___/=/_/_/_/
 :: Spring Boot ::                (v2.6.1)

2021-12-23 16:28:20.711  INFO 9464 --- [           main] c.r.c.s.ProductServiceTest               : Starting ProductServiceTest using Java 1.8.0_301 on MSI-Jymm with PID 9464 (started by jymmm in D:\Curriculum-211018-Jymm\project-2-Team-Not-Found\case-clothes)
2021-12-23 16:28:20.711  INFO 9464 --- [           main] c.r.c.s.ProductServiceTest               : The following profiles are active: ProductService-test
2021-12-23 16:28:20.799  INFO 9464 --- [           main] .s.d.r.c.RepositoryConfigurationDelegate : Bootstrapping Spring Data JPA repositories in DEFAULT mode.
2021-12-23 16:28:20.801  INFO 9464 --- [           main] .s.d.r.c.RepositoryConfigurationDelegate : Finished Spring Data repository scanning in 1 ms. Found 0 JPA repository interfaces.
2021-12-23 16:28:20.861  INFO 9464 --- [           main] com.zaxxer.hikari.HikariDataSource       : HikariPool-31 - Starting...
2021-12-23 16:28:20.862  INFO 9464 --- [           main] com.zaxxer.hikari.HikariDataSource       : HikariPool-31 - Start completed.
2021-12-23 16:28:20.873  INFO 9464 --- [           main] o.hibernate.jpa.internal.util.LogHelper  : HHH000204: Processing PersistenceUnitInfo [name: default]
2021-12-23 16:28:20.876  INFO 9464 --- [           main] org.hibernate.dialect.Dialect            : HHH000400: Using dialect: org.hibernate.dialect.H2Dialect
2021-12-23 16:28:20.920  INFO 9464 --- [           main] o.h.e.t.j.p.i.JtaPlatformInitiator       : HHH000490: Using JtaPlatform implementation: [org.hibernate.engine.transaction.jta.platform.internal.NoJtaPlatform]
2021-12-23 16:28:20.920  INFO 9464 --- [           main] j.LocalContainerEntityManagerFactoryBean : Initialized JPA EntityManagerFactory for persistence unit 'default'
2021-12-23 16:28:21.000  WARN 9464 --- [           main] JpaBaseConfiguration$JpaWebConfiguration : spring.jpa.open-in-view is enabled by default. Therefore, database queries may be performed during view rendering. Explicitly configure spring.jpa.open-in-view to disable this warning
2021-12-23 16:28:21.186  INFO 9464 --- [           main] c.r.c.s.ProductServiceTest               : Started ProductServiceTest in 0.487 seconds (JVM running for 30.212)
]]></system-out>
  </testcase>
  <testcase name="addNewProduct_NoDescriptionInputAllFieldsValid_NegativeTest" classname="com.revature.caseclothes.serviceunittest.ProductServiceTest" time="0.456">
    <system-out><![CDATA[2021-12-23 16:28:21.193  INFO 9464 --- [           main] j.LocalContainerEntityManagerFactoryBean : Closing JPA EntityManagerFactory for persistence unit 'default'
2021-12-23 16:28:21.193  INFO 9464 --- [           main] .SchemaDropperImpl$DelayedDropActionImpl : HHH000477: Starting delayed evictData of schema as part of SessionFactory shut-down'
2021-12-23 16:28:21.193  INFO 9464 --- [           main] com.zaxxer.hikari.HikariDataSource       : HikariPool-31 - Shutdown initiated...
2021-12-23 16:28:21.194  INFO 9464 --- [           main] com.zaxxer.hikari.HikariDataSource       : HikariPool-31 - Shutdown completed.

  .   ____          _            __ _ _
 /\\ / ___'_ __ _ _(_)_ __  __ _ \ \ \ \
( ( )\___ | '_ | '_| | '_ \/ _` | \ \ \ \
 \\/  ___)| |_)| | | | | || (_| |  ) ) ) )
  '  |____| .__|_| |_|_| |_\__, | / / / /
 =========|_|==============|___/=/_/_/_/
 :: Spring Boot ::                (v2.6.1)

2021-12-23 16:28:21.206  INFO 9464 --- [           main] c.r.c.s.ProductServiceTest               : Starting ProductServiceTest using Java 1.8.0_301 on MSI-Jymm with PID 9464 (started by jymmm in D:\Curriculum-211018-Jymm\project-2-Team-Not-Found\case-clothes)
2021-12-23 16:28:21.206  INFO 9464 --- [           main] c.r.c.s.ProductServiceTest               : The following profiles are active: ProductService-test
2021-12-23 16:28:21.289  INFO 9464 --- [           main] .s.d.r.c.RepositoryConfigurationDelegate : Bootstrapping Spring Data JPA repositories in DEFAULT mode.
2021-12-23 16:28:21.294  INFO 9464 --- [           main] .s.d.r.c.RepositoryConfigurationDelegate : Finished Spring Data repository scanning in 4 ms. Found 0 JPA repository interfaces.
2021-12-23 16:28:21.353  INFO 9464 --- [           main] com.zaxxer.hikari.HikariDataSource       : HikariPool-32 - Starting...
2021-12-23 16:28:21.353  INFO 9464 --- [           main] com.zaxxer.hikari.HikariDataSource       : HikariPool-32 - Start completed.
2021-12-23 16:28:21.363  INFO 9464 --- [           main] o.hibernate.jpa.internal.util.LogHelper  : HHH000204: Processing PersistenceUnitInfo [name: default]
2021-12-23 16:28:21.366  INFO 9464 --- [           main] org.hibernate.dialect.Dialect            : HHH000400: Using dialect: org.hibernate.dialect.H2Dialect
2021-12-23 16:28:21.411  INFO 9464 --- [           main] o.h.e.t.j.p.i.JtaPlatformInitiator       : HHH000490: Using JtaPlatform implementation: [org.hibernate.engine.transaction.jta.platform.internal.NoJtaPlatform]
2021-12-23 16:28:21.411  INFO 9464 --- [           main] j.LocalContainerEntityManagerFactoryBean : Initialized JPA EntityManagerFactory for persistence unit 'default'
2021-12-23 16:28:21.485  WARN 9464 --- [           main] JpaBaseConfiguration$JpaWebConfiguration : spring.jpa.open-in-view is enabled by default. Therefore, database queries may be performed during view rendering. Explicitly configure spring.jpa.open-in-view to disable this warning
2021-12-23 16:28:21.645  INFO 9464 --- [           main] c.r.c.s.ProductServiceTest               : Started ProductServiceTest in 0.45 seconds (JVM running for 30.672)
]]></system-out>
  </testcase>
  <testcase name="addNewProduct_NoPriceInputAllFieldsValid_NegativeTest" classname="com.revature.caseclothes.serviceunittest.ProductServiceTest" time="0.467">
    <system-out><![CDATA[2021-12-23 16:28:21.649  INFO 9464 --- [           main] j.LocalContainerEntityManagerFactoryBean : Closing JPA EntityManagerFactory for persistence unit 'default'
2021-12-23 16:28:21.649  INFO 9464 --- [           main] .SchemaDropperImpl$DelayedDropActionImpl : HHH000477: Starting delayed evictData of schema as part of SessionFactory shut-down'
2021-12-23 16:28:21.652  INFO 9464 --- [           main] com.zaxxer.hikari.HikariDataSource       : HikariPool-32 - Shutdown initiated...
2021-12-23 16:28:21.653  INFO 9464 --- [           main] com.zaxxer.hikari.HikariDataSource       : HikariPool-32 - Shutdown completed.

  .   ____          _            __ _ _
 /\\ / ___'_ __ _ _(_)_ __  __ _ \ \ \ \
( ( )\___ | '_ | '_| | '_ \/ _` | \ \ \ \
 \\/  ___)| |_)| | | | | || (_| |  ) ) ) )
  '  |____| .__|_| |_|_| |_\__, | / / / /
 =========|_|==============|___/=/_/_/_/
 :: Spring Boot ::                (v2.6.1)

2021-12-23 16:28:21.666  INFO 9464 --- [           main] c.r.c.s.ProductServiceTest               : Starting ProductServiceTest using Java 1.8.0_301 on MSI-Jymm with PID 9464 (started by jymmm in D:\Curriculum-211018-Jymm\project-2-Team-Not-Found\case-clothes)
2021-12-23 16:28:21.666  INFO 9464 --- [           main] c.r.c.s.ProductServiceTest               : The following profiles are active: ProductService-test
2021-12-23 16:28:21.754  INFO 9464 --- [           main] .s.d.r.c.RepositoryConfigurationDelegate : Bootstrapping Spring Data JPA repositories in DEFAULT mode.
2021-12-23 16:28:21.756  INFO 9464 --- [           main] .s.d.r.c.RepositoryConfigurationDelegate : Finished Spring Data repository scanning in 1 ms. Found 0 JPA repository interfaces.
2021-12-23 16:28:21.813  INFO 9464 --- [           main] com.zaxxer.hikari.HikariDataSource       : HikariPool-33 - Starting...
2021-12-23 16:28:21.814  INFO 9464 --- [           main] com.zaxxer.hikari.HikariDataSource       : HikariPool-33 - Start completed.
2021-12-23 16:28:21.822  INFO 9464 --- [           main] o.hibernate.jpa.internal.util.LogHelper  : HHH000204: Processing PersistenceUnitInfo [name: default]
2021-12-23 16:28:21.825  INFO 9464 --- [           main] org.hibernate.dialect.Dialect            : HHH000400: Using dialect: org.hibernate.dialect.H2Dialect
2021-12-23 16:28:21.865  INFO 9464 --- [           main] o.h.e.t.j.p.i.JtaPlatformInitiator       : HHH000490: Using JtaPlatform implementation: [org.hibernate.engine.transaction.jta.platform.internal.NoJtaPlatform]
2021-12-23 16:28:21.865  INFO 9464 --- [           main] j.LocalContainerEntityManagerFactoryBean : Initialized JPA EntityManagerFactory for persistence unit 'default'
2021-12-23 16:28:21.948  WARN 9464 --- [           main] JpaBaseConfiguration$JpaWebConfiguration : spring.jpa.open-in-view is enabled by default. Therefore, database queries may be performed during view rendering. Explicitly configure spring.jpa.open-in-view to disable this warning
2021-12-23 16:28:22.113  INFO 9464 --- [           main] c.r.c.s.ProductServiceTest               : Started ProductServiceTest in 0.456 seconds (JVM running for 31.139)
]]></system-out>
  </testcase>
  <testcase name="getAllProductThatContains_NoValidProduct" classname="com.revature.caseclothes.serviceunittest.ProductServiceTest" time="0.481">
    <system-out><![CDATA[2021-12-23 16:28:22.117  INFO 9464 --- [           main] j.LocalContainerEntityManagerFactoryBean : Closing JPA EntityManagerFactory for persistence unit 'default'
2021-12-23 16:28:22.117  INFO 9464 --- [           main] .SchemaDropperImpl$DelayedDropActionImpl : HHH000477: Starting delayed evictData of schema as part of SessionFactory shut-down'
2021-12-23 16:28:22.120  INFO 9464 --- [           main] com.zaxxer.hikari.HikariDataSource       : HikariPool-33 - Shutdown initiated...
2021-12-23 16:28:22.122  INFO 9464 --- [           main] com.zaxxer.hikari.HikariDataSource       : HikariPool-33 - Shutdown completed.

  .   ____          _            __ _ _
 /\\ / ___'_ __ _ _(_)_ __  __ _ \ \ \ \
( ( )\___ | '_ | '_| | '_ \/ _` | \ \ \ \
 \\/  ___)| |_)| | | | | || (_| |  ) ) ) )
  '  |____| .__|_| |_|_| |_\__, | / / / /
 =========|_|==============|___/=/_/_/_/
 :: Spring Boot ::                (v2.6.1)

2021-12-23 16:28:22.136  INFO 9464 --- [           main] c.r.c.s.ProductServiceTest               : Starting ProductServiceTest using Java 1.8.0_301 on MSI-Jymm with PID 9464 (started by jymmm in D:\Curriculum-211018-Jymm\project-2-Team-Not-Found\case-clothes)
2021-12-23 16:28:22.136  INFO 9464 --- [           main] c.r.c.s.ProductServiceTest               : The following profiles are active: ProductService-test
2021-12-23 16:28:22.218  INFO 9464 --- [           main] .s.d.r.c.RepositoryConfigurationDelegate : Bootstrapping Spring Data JPA repositories in DEFAULT mode.
2021-12-23 16:28:22.220  INFO 9464 --- [           main] .s.d.r.c.RepositoryConfigurationDelegate : Finished Spring Data repository scanning in 1 ms. Found 0 JPA repository interfaces.
2021-12-23 16:28:22.290  INFO 9464 --- [           main] com.zaxxer.hikari.HikariDataSource       : HikariPool-34 - Starting...
2021-12-23 16:28:22.292  INFO 9464 --- [           main] com.zaxxer.hikari.HikariDataSource       : HikariPool-34 - Start completed.
2021-12-23 16:28:22.301  INFO 9464 --- [           main] o.hibernate.jpa.internal.util.LogHelper  : HHH000204: Processing PersistenceUnitInfo [name: default]
2021-12-23 16:28:22.304  INFO 9464 --- [           main] org.hibernate.dialect.Dialect            : HHH000400: Using dialect: org.hibernate.dialect.H2Dialect
2021-12-23 16:28:22.347  INFO 9464 --- [           main] o.h.e.t.j.p.i.JtaPlatformInitiator       : HHH000490: Using JtaPlatform implementation: [org.hibernate.engine.transaction.jta.platform.internal.NoJtaPlatform]
2021-12-23 16:28:22.347  INFO 9464 --- [           main] j.LocalContainerEntityManagerFactoryBean : Initialized JPA EntityManagerFactory for persistence unit 'default'
2021-12-23 16:28:22.422  WARN 9464 --- [           main] JpaBaseConfiguration$JpaWebConfiguration : spring.jpa.open-in-view is enabled by default. Therefore, database queries may be performed during view rendering. Explicitly configure spring.jpa.open-in-view to disable this warning
2021-12-23 16:28:22.594  INFO 9464 --- [           main] c.r.c.s.ProductServiceTest               : Started ProductServiceTest in 0.469 seconds (JVM running for 31.62)
]]></system-out>
  </testcase>
</testsuite>